"../../../Engine/Content/EditorResources/S_Actor.ubulk" 0
"../../../Engine/Content/EditorResources/S_Actor.uasset" 1
"../../../Engine/Content/EditorResources/S_Actor.uexp" 2
"../../../Engine/Content/EditorResources/S_BoxReflectionCapture.uasset" 3
"../../../Engine/Content/EditorResources/S_BoxReflectionCapture.uexp" 4
"../../../Engine/Content/EngineResources/DefaultTexture.ubulk" 5
"../../../Engine/Content/EngineResources/DefaultTexture.uasset" 6
"../../../Engine/Content/EngineResources/DefaultTexture.uexp" 7
"../../../Engine/Content/EngineResources/DefaultTextureCube.uasset" 8
"../../../Engine/Content/EngineResources/DefaultTextureCube.uexp" 9
"../../../Engine/Content/EngineResources/DefaultVolumeTexture2D.uasset" 10
"../../../Engine/Content/EngineResources/DefaultVolumeTexture2D.uexp" 11
"../../../Engine/Content/EngineResources/DefaultVolumeTexture.uasset" 12
"../../../Engine/Content/EngineResources/DefaultVolumeTexture.uexp" 13
"../../../Engine/Content/EditorResources/S_Trigger.ubulk" 14
"../../../Engine/Content/EditorResources/S_Trigger.uasset" 15
"../../../Engine/Content/EditorResources/S_Trigger.uexp" 16
"../../../Engine/Content/EditorResources/S_TriggerBox.uasset" 17
"../../../Engine/Content/EditorResources/S_TriggerBox.uexp" 18
"../../../Engine/Content/EditorResources/S_TriggerCapsule.uasset" 19
"../../../Engine/Content/EditorResources/S_TriggerCapsule.uexp" 20
"../../../Engine/Content/EditorResources/S_TriggerSphere.uasset" 21
"../../../Engine/Content/EditorResources/S_TriggerSphere.uexp" 22
"../../../Engine/Content/EngineMeshes/Sphere.uasset" 23
"../../../Engine/Content/EngineMeshes/Sphere.uexp" 24
"../../../Engine/Content/EngineResources/GradientTexture0.uasset" 25
"../../../Engine/Content/EngineResources/GradientTexture0.uexp" 26
"../../../Engine/Content/EngineResources/Black.uasset" 27
"../../../Engine/Content/EngineResources/Black.uexp" 28
"../../../Engine/Content/VREditor/LaserPointer/VR_LaserPower_01.ubulk" 29
"../../../Engine/Content/VREditor/LaserPointer/VR_LaserPower_01.uasset" 30
"../../../Engine/Content/VREditor/LaserPointer/VR_LaserPower_01.uexp" 31
"../../../Engine/Content/VREditor/TransformGizmo/TransformGizmoMaterial.uasset" 32
"../../../Engine/Content/VREditor/TransformGizmo/TransformGizmoMaterial.uexp" 33
"../../../Engine/Content/VREditor/TransformGizmo/TranslucentTransformGizmoMaterial.uasset" 34
"../../../Engine/Content/VREditor/TransformGizmo/TranslucentTransformGizmoMaterial.uexp" 35
"../../../Engine/Content/VREditor/TransformGizmo/PlaneTranslationHandle.uasset" 36
"../../../Engine/Content/VREditor/TransformGizmo/PlaneTranslationHandle.uexp" 37
"../../../Engine/Content/VREditor/TransformGizmo/BoundingBoxCorner.uasset" 38
"../../../Engine/Content/VREditor/TransformGizmo/BoundingBoxCorner.uexp" 39
"../../../Engine/Content/VREditor/TransformGizmo/BoundingBoxEdge.uasset" 40
"../../../Engine/Content/VREditor/TransformGizmo/BoundingBoxEdge.uexp" 41
"../../../Engine/Content/VREditor/TransformGizmo/Main.uasset" 42
"../../../Engine/Content/VREditor/TransformGizmo/Main.uexp" 43
"../../../Engine/Content/VREditor/TransformGizmo/Xray.uasset" 44
"../../../Engine/Content/VREditor/TransformGizmo/Xray.uexp" 45
"../../../Engine/Content/VREditor/TransformGizmo/SM_Sequencer_Node.uasset" 46
"../../../Engine/Content/VREditor/TransformGizmo/SM_Sequencer_Node.uexp" 47
"../../../Engine/Content/EditorMaterials/Camera/CineMat.uasset" 48
"../../../Engine/Content/EditorMaterials/Camera/CineMat.uexp" 49
"../../../Engine/Content/EditorMaterials/Camera/MI_CineMat_Rig.uasset" 50
"../../../Engine/Content/EditorMaterials/Camera/MI_CineMat_Rig.uexp" 51
"../../../Engine/Content/EditorMeshes/Camera/SM_CraneRig_Base.uasset" 52
"../../../Engine/Content/EditorMeshes/Camera/SM_CraneRig_Base.uexp" 53
"../../../Engine/Content/EditorMeshes/Camera/SM_CraneRig_Arm.uasset" 54
"../../../Engine/Content/EditorMeshes/Camera/SM_CraneRig_Arm.uexp" 55
"../../../Engine/Content/EditorMeshes/Camera/SM_CraneRig_Mount.uasset" 56
"../../../Engine/Content/EditorMeshes/Camera/SM_CraneRig_Mount.uexp" 57
"../../../Engine/Content/EditorMeshes/Camera/SM_CraneRig_Body.uasset" 58
"../../../Engine/Content/EditorMeshes/Camera/SM_CraneRig_Body.uexp" 59
"../../../Engine/Content/EditorMeshes/Camera/SM_RailRig_Track.uasset" 60
"../../../Engine/Content/EditorMeshes/Camera/SM_RailRig_Track.uexp" 61
"../../../Engine/Content/EditorMeshes/Camera/SM_RailRig_Mount.uasset" 62
"../../../Engine/Content/EditorMeshes/Camera/SM_RailRig_Mount.uexp" 63
"../../../Engine/Content/EngineMaterials/T_Default_Material_Grid_M.ubulk" 64
"../../../Engine/Content/EngineMaterials/T_Default_Material_Grid_M.uasset" 65
"../../../Engine/Content/EngineMaterials/T_Default_Material_Grid_M.uexp" 66
"../../../Engine/Content/EngineMaterials/T_Default_Material_Grid_N.ubulk" 67
"../../../Engine/Content/EngineMaterials/T_Default_Material_Grid_N.uasset" 68
"../../../Engine/Content/EngineMaterials/T_Default_Material_Grid_N.uexp" 69
"../../../Engine/Content/Functions/Engine_MaterialFunctions01/Opacity/CameraDepthFade.uasset" 70
"../../../Engine/Content/Functions/Engine_MaterialFunctions01/Opacity/CameraDepthFade.uexp" 71
"../../../Engine/Content/EngineMaterials/WorldGridMaterial.uasset" 72
"../../../Engine/Content/EngineMaterials/WorldGridMaterial.uexp" 73
"../../../Engine/Content/ArtTools/RenderToTexture/Meshes/S_1_Unit_Plane.uasset" 74
"../../../Engine/Content/ArtTools/RenderToTexture/Meshes/S_1_Unit_Plane.uexp" 75
"../../../Engine/Content/EditorMaterials/ParticleSystems/PSysThumbnail_NoImage.ubulk" 76
"../../../Engine/Content/EditorMaterials/ParticleSystems/PSysThumbnail_NoImage.uasset" 77
"../../../Engine/Content/EditorMaterials/ParticleSystems/PSysThumbnail_NoImage.uexp" 78
"../../../Engine/Content/EditorMaterials/ParticleSystems/PSysThumbnail_OOD.ubulk" 79
"../../../Engine/Content/EditorMaterials/ParticleSystems/PSysThumbnail_OOD.uasset" 80
"../../../Engine/Content/EditorMaterials/ParticleSystems/PSysThumbnail_OOD.uexp" 81
"../../../Engine/Content/EditorLandscapeResources/SplineEditorMeshMat.uasset" 82
"../../../Engine/Content/EditorLandscapeResources/SplineEditorMeshMat.uexp" 83
"../../../Engine/Content/EditorLandscapeResources/SplineEditorMesh.uasset" 84
"../../../Engine/Content/EditorLandscapeResources/SplineEditorMesh.uexp" 85
"../../../Engine/Content/EditorMeshes/EditorSphere.uasset" 86
"../../../Engine/Content/EditorMeshes/EditorSphere.uexp" 87
"../../../Engine/Content/EditorResources/S_Solver.ubulk" 88
"../../../Engine/Content/EditorResources/S_Solver.uasset" 89
"../../../Engine/Content/EditorResources/S_Solver.uexp" 90
"../../../Engine/Plugins/Media/MediaPlate/Content/SM_MediaPlateScreen.uasset" 91
"../../../Engine/Plugins/Media/MediaPlate/Content/SM_MediaPlateScreen.uexp" 92
"../../../Engine/Content/EngineMaterials/Good64x64TilingNoiseHighFreq.uasset" 93
"../../../Engine/Content/EngineMaterials/Good64x64TilingNoiseHighFreq.uexp" 94
"../../../Engine/Content/EngineMaterials/DefaultBokeh.uasset" 95
"../../../Engine/Content/EngineMaterials/DefaultBokeh.uexp" 96
"../../../Engine/Content/EngineMaterials/PreintegratedSkinBRDF.uasset" 97
"../../../Engine/Content/EngineMaterials/PreintegratedSkinBRDF.uexp" 98
"../../../Engine/Content/EngineMaterials/MiniFont.uasset" 99
"../../../Engine/Content/EngineMaterials/MiniFont.uexp" 100
"../../../Engine/Content/EngineMaterials/WeightMapPlaceholderTexture.uasset" 101
"../../../Engine/Content/EngineMaterials/WeightMapPlaceholderTexture.uexp" 102
"../../../Engine/Content/EngineMaterials/DefaultWhiteGrid.ubulk" 103
"../../../Engine/Content/EngineMaterials/DefaultWhiteGrid.uasset" 104
"../../../Engine/Content/EngineMaterials/DefaultWhiteGrid.uexp" 105
"D:/MDEV1003 Game Design/LyubovKorovina_UE_Project/MobGameMmidterm_0172/Content/FirstPerson/Input/Actions/IA_Shoot.uasset" 106
"D:/MDEV1003 Game Design/LyubovKorovina_UE_Project/MobGameMmidterm_0172/Content/FirstPerson/Input/Actions/IA_Shoot.uexp" 107
"D:/MDEV1003 Game Design/LyubovKorovina_UE_Project/MobGameMmidterm_0172/Content/FirstPerson/Input/IMC_Weapons.uasset" 108
"D:/MDEV1003 Game Design/LyubovKorovina_UE_Project/MobGameMmidterm_0172/Content/FirstPerson/Input/IMC_Weapons.uexp" 109
"D:/MDEV1003 Game Design/LyubovKorovina_UE_Project/MobGameMmidterm_0172/Content/FPWeapon/Mesh/SK_FPGun_Skeleton.uasset" 110
"D:/MDEV1003 Game Design/LyubovKorovina_UE_Project/MobGameMmidterm_0172/Content/FPWeapon/Mesh/SK_FPGun_Skeleton.uexp" 111
"D:/MDEV1003 Game Design/LyubovKorovina_UE_Project/MobGameMmidterm_0172/Content/FPWeapon/Materials/MaterialLayers/T_ML_Rubber_Blue_01_D.ubulk" 112
"D:/MDEV1003 Game Design/LyubovKorovina_UE_Project/MobGameMmidterm_0172/Content/FPWeapon/Materials/MaterialLayers/T_ML_Rubber_Blue_01_D.uasset" 113
"D:/MDEV1003 Game Design/LyubovKorovina_UE_Project/MobGameMmidterm_0172/Content/FPWeapon/Materials/MaterialLayers/T_ML_Rubber_Blue_01_D.uexp" 114
"D:/MDEV1003 Game Design/LyubovKorovina_UE_Project/MobGameMmidterm_0172/Content/FPWeapon/Textures/T_FPGun_N.ubulk" 115
"D:/MDEV1003 Game Design/LyubovKorovina_UE_Project/MobGameMmidterm_0172/Content/FPWeapon/Textures/T_FPGun_N.uasset" 116
"D:/MDEV1003 Game Design/LyubovKorovina_UE_Project/MobGameMmidterm_0172/Content/FPWeapon/Textures/T_FPGun_N.uexp" 117
"../../../Engine/Content/Functions/Engine_MaterialFunctions02/Utility/BlendAngleCorrectedNormals.uasset" 118
"../../../Engine/Content/Functions/Engine_MaterialFunctions02/Utility/BlendAngleCorrectedNormals.uexp" 119
"../../../Engine/Content/Functions/MaterialLayerFunctions/MatLayerBlend_NormalBlend.uasset" 120
"../../../Engine/Content/Functions/MaterialLayerFunctions/MatLayerBlend_NormalBlend.uexp" 121
"D:/MDEV1003 Game Design/LyubovKorovina_UE_Project/MobGameMmidterm_0172/Content/FPWeapon/Materials/MaterialLayers/T_ML_Rubber_Blue_01_N.ubulk" 122
"D:/MDEV1003 Game Design/LyubovKorovina_UE_Project/MobGameMmidterm_0172/Content/FPWeapon/Materials/MaterialLayers/T_ML_Rubber_Blue_01_N.uasset" 123
"D:/MDEV1003 Game Design/LyubovKorovina_UE_Project/MobGameMmidterm_0172/Content/FPWeapon/Materials/MaterialLayers/T_ML_Rubber_Blue_01_N.uexp" 124
"D:/MDEV1003 Game Design/LyubovKorovina_UE_Project/MobGameMmidterm_0172/Content/FPWeapon/Materials/MaterialLayers/ML_Screen.uasset" 125
"D:/MDEV1003 Game Design/LyubovKorovina_UE_Project/MobGameMmidterm_0172/Content/FPWeapon/Materials/MaterialLayers/ML_Screen.uexp" 126
"D:/MDEV1003 Game Design/LyubovKorovina_UE_Project/MobGameMmidterm_0172/Content/FPWeapon/Materials/MaterialLayers/T_ML_Aluminum01_N.ubulk" 127
"D:/MDEV1003 Game Design/LyubovKorovina_UE_Project/MobGameMmidterm_0172/Content/FPWeapon/Materials/MaterialLayers/T_ML_Aluminum01_N.uasset" 128
"D:/MDEV1003 Game Design/LyubovKorovina_UE_Project/MobGameMmidterm_0172/Content/FPWeapon/Materials/MaterialLayers/T_ML_Aluminum01_N.uexp" 129
"D:/MDEV1003 Game Design/LyubovKorovina_UE_Project/MobGameMmidterm_0172/Content/FPWeapon/Materials/MaterialLayers/T_ML_Aluminum01.ubulk" 130
"D:/MDEV1003 Game Design/LyubovKorovina_UE_Project/MobGameMmidterm_0172/Content/FPWeapon/Materials/MaterialLayers/T_ML_Aluminum01.uasset" 131
"D:/MDEV1003 Game Design/LyubovKorovina_UE_Project/MobGameMmidterm_0172/Content/FPWeapon/Materials/MaterialLayers/T_ML_Aluminum01.uexp" 132
"D:/MDEV1003 Game Design/LyubovKorovina_UE_Project/MobGameMmidterm_0172/Content/FPWeapon/Materials/MaterialLayers/ML_SoftMetal_UE4.uasset" 133
"D:/MDEV1003 Game Design/LyubovKorovina_UE_Project/MobGameMmidterm_0172/Content/FPWeapon/Materials/MaterialLayers/ML_SoftMetal_UE4.uexp" 134
"../../../Engine/Content/Functions/MaterialLayerFunctions/MatLayerBlend_Simple.uasset" 135
"../../../Engine/Content/Functions/MaterialLayerFunctions/MatLayerBlend_Simple.uexp" 136
"D:/MDEV1003 Game Design/LyubovKorovina_UE_Project/MobGameMmidterm_0172/Content/FPWeapon/Textures/T_FPGun_M.ubulk" 137
"D:/MDEV1003 Game Design/LyubovKorovina_UE_Project/MobGameMmidterm_0172/Content/FPWeapon/Textures/T_FPGun_M.uasset" 138
"D:/MDEV1003 Game Design/LyubovKorovina_UE_Project/MobGameMmidterm_0172/Content/FPWeapon/Textures/T_FPGun_M.uexp" 139
"D:/MDEV1003 Game Design/LyubovKorovina_UE_Project/MobGameMmidterm_0172/Content/FPWeapon/Materials/MaterialLayers/ML_Plastic_Shiny_Beige.uasset" 140
"D:/MDEV1003 Game Design/LyubovKorovina_UE_Project/MobGameMmidterm_0172/Content/FPWeapon/Materials/MaterialLayers/ML_Plastic_Shiny_Beige.uexp" 141
"D:/MDEV1003 Game Design/LyubovKorovina_UE_Project/MobGameMmidterm_0172/Content/FPWeapon/Materials/MaterialLayers/ML_GlossyBlack_Latex_UE4.uasset" 142
"D:/MDEV1003 Game Design/LyubovKorovina_UE_Project/MobGameMmidterm_0172/Content/FPWeapon/Materials/MaterialLayers/ML_GlossyBlack_Latex_UE4.uexp" 143
"D:/MDEV1003 Game Design/LyubovKorovina_UE_Project/MobGameMmidterm_0172/Content/FPWeapon/Materials/M_FPGun.uasset" 144
"D:/MDEV1003 Game Design/LyubovKorovina_UE_Project/MobGameMmidterm_0172/Content/FPWeapon/Materials/M_FPGun.uexp" 145
"D:/MDEV1003 Game Design/LyubovKorovina_UE_Project/MobGameMmidterm_0172/Content/FPWeapon/Mesh/SK_FPGun_Physics.uasset" 146
"D:/MDEV1003 Game Design/LyubovKorovina_UE_Project/MobGameMmidterm_0172/Content/FPWeapon/Mesh/SK_FPGun_Physics.uexp" 147
"D:/MDEV1003 Game Design/LyubovKorovina_UE_Project/MobGameMmidterm_0172/Content/FPWeapon/Mesh/SK_FPGun.uasset" 148
"D:/MDEV1003 Game Design/LyubovKorovina_UE_Project/MobGameMmidterm_0172/Content/FPWeapon/Mesh/SK_FPGun.uexp" 149
"D:/MDEV1003 Game Design/LyubovKorovina_UE_Project/MobGameMmidterm_0172/Content/FPWeapon/Audio/FirstPersonTemplateWeaponFire02.ubulk" 150
"D:/MDEV1003 Game Design/LyubovKorovina_UE_Project/MobGameMmidterm_0172/Content/FPWeapon/Audio/FirstPersonTemplateWeaponFire02.uasset" 151
"D:/MDEV1003 Game Design/LyubovKorovina_UE_Project/MobGameMmidterm_0172/Content/FPWeapon/Audio/FirstPersonTemplateWeaponFire02.uexp" 152
"D:/MDEV1003 Game Design/LyubovKorovina_UE_Project/MobGameMmidterm_0172/Content/FPWeapon/Materials/BaseMaterial.uasset" 153
"D:/MDEV1003 Game Design/LyubovKorovina_UE_Project/MobGameMmidterm_0172/Content/FPWeapon/Materials/BaseMaterial.uexp" 154
"D:/MDEV1003 Game Design/LyubovKorovina_UE_Project/MobGameMmidterm_0172/Content/FPWeapon/Materials/FirstPersonProjectileMaterial.uasset" 155
"D:/MDEV1003 Game Design/LyubovKorovina_UE_Project/MobGameMmidterm_0172/Content/FPWeapon/Materials/FirstPersonProjectileMaterial.uexp" 156
"D:/MDEV1003 Game Design/LyubovKorovina_UE_Project/MobGameMmidterm_0172/Content/FPWeapon/Mesh/FirstPersonProjectileMesh.uasset" 157
"D:/MDEV1003 Game Design/LyubovKorovina_UE_Project/MobGameMmidterm_0172/Content/FPWeapon/Mesh/FirstPersonProjectileMesh.uexp" 158
"D:/MDEV1003 Game Design/LyubovKorovina_UE_Project/MobGameMmidterm_0172/Content/FirstPerson/Blueprints/BP_FirstPersonProjectile.uasset" 159
"D:/MDEV1003 Game Design/LyubovKorovina_UE_Project/MobGameMmidterm_0172/Content/FirstPerson/Blueprints/BP_FirstPersonProjectile.uexp" 160
"../../../Engine/Content/Animation/DefaultAnimCurveCompressionSettings.uasset" 161
"../../../Engine/Content/Animation/DefaultAnimCurveCompressionSettings.uexp" 162
"../../../Engine/Content/Animation/DefaultAnimBoneCompressionSettings.uasset" 163
"../../../Engine/Content/Animation/DefaultAnimBoneCompressionSettings.uexp" 164
"D:/MDEV1003 Game Design/LyubovKorovina_UE_Project/MobGameMmidterm_0172/Content/FirstPersonArms/Character/Mesh/SK_Mannequin_Arms_Skeleton.uasset" 165
"D:/MDEV1003 Game Design/LyubovKorovina_UE_Project/MobGameMmidterm_0172/Content/FirstPersonArms/Character/Mesh/SK_Mannequin_Arms_Skeleton.uexp" 166
"D:/MDEV1003 Game Design/LyubovKorovina_UE_Project/MobGameMmidterm_0172/Content/FirstPersonArms/Animations/FP_Rifle_Fire.uasset" 167
"D:/MDEV1003 Game Design/LyubovKorovina_UE_Project/MobGameMmidterm_0172/Content/FirstPersonArms/Animations/FP_Rifle_Fire.uexp" 168
"D:/MDEV1003 Game Design/LyubovKorovina_UE_Project/MobGameMmidterm_0172/Content/FirstPersonArms/Animations/FP_Rifle_Shoot_Montage.uasset" 169
"D:/MDEV1003 Game Design/LyubovKorovina_UE_Project/MobGameMmidterm_0172/Content/FirstPersonArms/Animations/FP_Rifle_Shoot_Montage.uexp" 170
"../../../Engine/Content/EditorBlueprintResources/StandardMacros.uasset" 171
"../../../Engine/Content/EditorBlueprintResources/StandardMacros.uexp" 172
"D:/MDEV1003 Game Design/LyubovKorovina_UE_Project/MobGameMmidterm_0172/Content/FirstPerson/Input/Actions/IA_Look.uasset" 173
"D:/MDEV1003 Game Design/LyubovKorovina_UE_Project/MobGameMmidterm_0172/Content/FirstPerson/Input/Actions/IA_Look.uexp" 174
"D:/MDEV1003 Game Design/LyubovKorovina_UE_Project/MobGameMmidterm_0172/Content/FirstPersonArms/Character/Materials/MaterialLayers/T_ML_Rubber_Blue_01_N.ubulk" 175
"D:/MDEV1003 Game Design/LyubovKorovina_UE_Project/MobGameMmidterm_0172/Content/FirstPersonArms/Character/Materials/MaterialLayers/T_ML_Rubber_Blue_01_N.uasset" 176
"D:/MDEV1003 Game Design/LyubovKorovina_UE_Project/MobGameMmidterm_0172/Content/FirstPersonArms/Character/Materials/MaterialLayers/T_ML_Rubber_Blue_01_N.uexp" 177
"D:/MDEV1003 Game Design/LyubovKorovina_UE_Project/MobGameMmidterm_0172/Content/FirstPersonArms/Character/Materials/MaterialLayers/T_ML_Rubber_Blue_01_D.ubulk" 178
"D:/MDEV1003 Game Design/LyubovKorovina_UE_Project/MobGameMmidterm_0172/Content/FirstPersonArms/Character/Materials/MaterialLayers/T_ML_Rubber_Blue_01_D.uasset" 179
"D:/MDEV1003 Game Design/LyubovKorovina_UE_Project/MobGameMmidterm_0172/Content/FirstPersonArms/Character/Materials/MaterialLayers/T_ML_Rubber_Blue_01_D.uexp" 180
"D:/MDEV1003 Game Design/LyubovKorovina_UE_Project/MobGameMmidterm_0172/Content/FirstPersonArms/Character/Materials/MaterialLayers/ML_GlossyBlack_Latex_UE4.uasset" 181
"D:/MDEV1003 Game Design/LyubovKorovina_UE_Project/MobGameMmidterm_0172/Content/FirstPersonArms/Character/Materials/MaterialLayers/ML_GlossyBlack_Latex_UE4.uexp" 182
"D:/MDEV1003 Game Design/LyubovKorovina_UE_Project/MobGameMmidterm_0172/Content/FirstPersonArms/Character/Textures/UE4_Mannequin_MAT_MASKA.ubulk" 183
"D:/MDEV1003 Game Design/LyubovKorovina_UE_Project/MobGameMmidterm_0172/Content/FirstPersonArms/Character/Textures/UE4_Mannequin_MAT_MASKA.uasset" 184
"D:/MDEV1003 Game Design/LyubovKorovina_UE_Project/MobGameMmidterm_0172/Content/FirstPersonArms/Character/Textures/UE4_Mannequin_MAT_MASKA.uexp" 185
"D:/MDEV1003 Game Design/LyubovKorovina_UE_Project/MobGameMmidterm_0172/Content/FirstPersonArms/Character/Textures/UE4_LOGO_CARD.ubulk" 186
"D:/MDEV1003 Game Design/LyubovKorovina_UE_Project/MobGameMmidterm_0172/Content/FirstPersonArms/Character/Textures/UE4_LOGO_CARD.uasset" 187
"D:/MDEV1003 Game Design/LyubovKorovina_UE_Project/MobGameMmidterm_0172/Content/FirstPersonArms/Character/Textures/UE4_LOGO_CARD.uexp" 188
"D:/MDEV1003 Game Design/LyubovKorovina_UE_Project/MobGameMmidterm_0172/Content/FirstPersonArms/Character/Materials/MaterialLayers/ML_Plastic_Shiny_Beige_LOGO.uasset" 189
"D:/MDEV1003 Game Design/LyubovKorovina_UE_Project/MobGameMmidterm_0172/Content/FirstPersonArms/Character/Materials/MaterialLayers/ML_Plastic_Shiny_Beige_LOGO.uexp" 190
"D:/MDEV1003 Game Design/LyubovKorovina_UE_Project/MobGameMmidterm_0172/Content/FirstPersonArms/Character/Materials/MaterialLayers/T_ML_Aluminum01.ubulk" 191
"D:/MDEV1003 Game Design/LyubovKorovina_UE_Project/MobGameMmidterm_0172/Content/FirstPersonArms/Character/Materials/MaterialLayers/T_ML_Aluminum01.uasset" 192
"D:/MDEV1003 Game Design/LyubovKorovina_UE_Project/MobGameMmidterm_0172/Content/FirstPersonArms/Character/Materials/MaterialLayers/T_ML_Aluminum01.uexp" 193
"D:/MDEV1003 Game Design/LyubovKorovina_UE_Project/MobGameMmidterm_0172/Content/FirstPersonArms/Character/Materials/MaterialLayers/T_ML_Aluminum01_N.ubulk" 194
"D:/MDEV1003 Game Design/LyubovKorovina_UE_Project/MobGameMmidterm_0172/Content/FirstPersonArms/Character/Materials/MaterialLayers/T_ML_Aluminum01_N.uasset" 195
"D:/MDEV1003 Game Design/LyubovKorovina_UE_Project/MobGameMmidterm_0172/Content/FirstPersonArms/Character/Materials/MaterialLayers/T_ML_Aluminum01_N.uexp" 196
"D:/MDEV1003 Game Design/LyubovKorovina_UE_Project/MobGameMmidterm_0172/Content/FirstPersonArms/Character/Materials/MaterialLayers/ML_SoftMetal_UE4.uasset" 197
"D:/MDEV1003 Game Design/LyubovKorovina_UE_Project/MobGameMmidterm_0172/Content/FirstPersonArms/Character/Materials/MaterialLayers/ML_SoftMetal_UE4.uexp" 198
"D:/MDEV1003 Game Design/LyubovKorovina_UE_Project/MobGameMmidterm_0172/Content/FirstPersonArms/Character/Materials/MaterialLayers/ML_Plastic_Shiny_Beige.uasset" 199
"D:/MDEV1003 Game Design/LyubovKorovina_UE_Project/MobGameMmidterm_0172/Content/FirstPersonArms/Character/Materials/MaterialLayers/ML_Plastic_Shiny_Beige.uexp" 200
"D:/MDEV1003 Game Design/LyubovKorovina_UE_Project/MobGameMmidterm_0172/Content/FirstPersonArms/Character/Textures/UE4_Mannequin__normals.ubulk" 201
"D:/MDEV1003 Game Design/LyubovKorovina_UE_Project/MobGameMmidterm_0172/Content/FirstPersonArms/Character/Textures/UE4_Mannequin__normals.uasset" 202
"D:/MDEV1003 Game Design/LyubovKorovina_UE_Project/MobGameMmidterm_0172/Content/FirstPersonArms/Character/Textures/UE4_Mannequin__normals.uexp" 203
"D:/MDEV1003 Game Design/LyubovKorovina_UE_Project/MobGameMmidterm_0172/Content/FirstPersonArms/Character/Materials/M_UE4Man_Body.uasset" 204
"D:/MDEV1003 Game Design/LyubovKorovina_UE_Project/MobGameMmidterm_0172/Content/FirstPersonArms/Character/Materials/M_UE4Man_Body.uexp" 205
"D:/MDEV1003 Game Design/LyubovKorovina_UE_Project/MobGameMmidterm_0172/Content/FirstPersonArms/Character/Mesh/SK_Mannequin_Arms_PhysicsAsset.uasset" 206
"D:/MDEV1003 Game Design/LyubovKorovina_UE_Project/MobGameMmidterm_0172/Content/FirstPersonArms/Character/Mesh/SK_Mannequin_Arms_PhysicsAsset.uexp" 207
"D:/MDEV1003 Game Design/LyubovKorovina_UE_Project/MobGameMmidterm_0172/Content/FirstPersonArms/Character/Mesh/SK_Mannequin_Arms.uasset" 208
"D:/MDEV1003 Game Design/LyubovKorovina_UE_Project/MobGameMmidterm_0172/Content/FirstPersonArms/Character/Mesh/SK_Mannequin_Arms.uexp" 209
"D:/MDEV1003 Game Design/LyubovKorovina_UE_Project/MobGameMmidterm_0172/Content/FirstPerson/Input/Actions/IA_Move.uasset" 210
"D:/MDEV1003 Game Design/LyubovKorovina_UE_Project/MobGameMmidterm_0172/Content/FirstPerson/Input/Actions/IA_Move.uexp" 211
"D:/MDEV1003 Game Design/LyubovKorovina_UE_Project/MobGameMmidterm_0172/Content/FirstPerson/Input/Actions/IA_Jump.uasset" 212
"D:/MDEV1003 Game Design/LyubovKorovina_UE_Project/MobGameMmidterm_0172/Content/FirstPerson/Input/Actions/IA_Jump.uexp" 213
"D:/MDEV1003 Game Design/LyubovKorovina_UE_Project/MobGameMmidterm_0172/Content/FirstPerson/Input/IMC_Default.uasset" 214
"D:/MDEV1003 Game Design/LyubovKorovina_UE_Project/MobGameMmidterm_0172/Content/FirstPerson/Input/IMC_Default.uexp" 215
"D:/MDEV1003 Game Design/LyubovKorovina_UE_Project/MobGameMmidterm_0172/Content/FirstPersonArms/Animations/FP_Rifle_Idle.uasset" 216
"D:/MDEV1003 Game Design/LyubovKorovina_UE_Project/MobGameMmidterm_0172/Content/FirstPersonArms/Animations/FP_Rifle_Idle.uexp" 217
"D:/MDEV1003 Game Design/LyubovKorovina_UE_Project/MobGameMmidterm_0172/Content/FirstPersonArms/Animations/FP_Rifle_Land.uasset" 218
"D:/MDEV1003 Game Design/LyubovKorovina_UE_Project/MobGameMmidterm_0172/Content/FirstPersonArms/Animations/FP_Rifle_Land.uexp" 219
"D:/MDEV1003 Game Design/LyubovKorovina_UE_Project/MobGameMmidterm_0172/Content/FirstPersonArms/Animations/FP_Rifle_Run.uasset" 220
"D:/MDEV1003 Game Design/LyubovKorovina_UE_Project/MobGameMmidterm_0172/Content/FirstPersonArms/Animations/FP_Rifle_Run.uexp" 221
"D:/MDEV1003 Game Design/LyubovKorovina_UE_Project/MobGameMmidterm_0172/Content/FirstPersonArms/Animations/FP_Rifle_Falling.uasset" 222
"D:/MDEV1003 Game Design/LyubovKorovina_UE_Project/MobGameMmidterm_0172/Content/FirstPersonArms/Animations/FP_Rifle_Falling.uexp" 223
"../../../Engine/Content/Animation/DefaultRecorderBoneCompression.uasset" 224
"../../../Engine/Content/Animation/DefaultRecorderBoneCompression.uexp" 225
"D:/MDEV1003 Game Design/LyubovKorovina_UE_Project/MobGameMmidterm_0172/Content/FirstPersonArms/Animations/FP_Idle.uasset" 226
"D:/MDEV1003 Game Design/LyubovKorovina_UE_Project/MobGameMmidterm_0172/Content/FirstPersonArms/Animations/FP_Idle.uexp" 227
"D:/MDEV1003 Game Design/LyubovKorovina_UE_Project/MobGameMmidterm_0172/Content/FirstPersonArms/Animations/FP_Jump.uasset" 228
"D:/MDEV1003 Game Design/LyubovKorovina_UE_Project/MobGameMmidterm_0172/Content/FirstPersonArms/Animations/FP_Jump.uexp" 229
"D:/MDEV1003 Game Design/LyubovKorovina_UE_Project/MobGameMmidterm_0172/Content/FirstPersonArms/Animations/FP_Run_Fwd.uasset" 230
"D:/MDEV1003 Game Design/LyubovKorovina_UE_Project/MobGameMmidterm_0172/Content/FirstPersonArms/Animations/FP_Run_Fwd.uexp" 231
"D:/MDEV1003 Game Design/LyubovKorovina_UE_Project/MobGameMmidterm_0172/Content/FirstPersonArms/Animations/FP_Land.uasset" 232
"D:/MDEV1003 Game Design/LyubovKorovina_UE_Project/MobGameMmidterm_0172/Content/FirstPersonArms/Animations/FP_Land.uexp" 233
"D:/MDEV1003 Game Design/LyubovKorovina_UE_Project/MobGameMmidterm_0172/Content/FirstPersonArms/Animations/FP_Falling.uasset" 234
"D:/MDEV1003 Game Design/LyubovKorovina_UE_Project/MobGameMmidterm_0172/Content/FirstPersonArms/Animations/FP_Falling.uexp" 235
"D:/MDEV1003 Game Design/LyubovKorovina_UE_Project/MobGameMmidterm_0172/Content/FirstPersonArms/Animations/FP_Rifle_Jump.uasset" 236
"D:/MDEV1003 Game Design/LyubovKorovina_UE_Project/MobGameMmidterm_0172/Content/FirstPersonArms/Animations/FP_Rifle_Jump.uexp" 237
"D:/MDEV1003 Game Design/LyubovKorovina_UE_Project/MobGameMmidterm_0172/Content/FirstPersonArms/Animations/FirstPerson_AnimBP.uasset" 238
"D:/MDEV1003 Game Design/LyubovKorovina_UE_Project/MobGameMmidterm_0172/Content/FirstPersonArms/Animations/FirstPerson_AnimBP.uexp" 239
"D:/MDEV1003 Game Design/LyubovKorovina_UE_Project/MobGameMmidterm_0172/Content/FirstPerson/Blueprints/BP_FirstPersonCharacter.uasset" 240
"D:/MDEV1003 Game Design/LyubovKorovina_UE_Project/MobGameMmidterm_0172/Content/FirstPerson/Blueprints/BP_FirstPersonCharacter.uexp" 241
"D:/MDEV1003 Game Design/LyubovKorovina_UE_Project/MobGameMmidterm_0172/Content/FirstPerson/Blueprints/BP_Weapon_Component.uasset" 242
"D:/MDEV1003 Game Design/LyubovKorovina_UE_Project/MobGameMmidterm_0172/Content/FirstPerson/Blueprints/BP_Weapon_Component.uexp" 243
"D:/MDEV1003 Game Design/LyubovKorovina_UE_Project/MobGameMmidterm_0172/Content/FirstPerson/Blueprints/BP_Pickup_Rifle.uasset" 244
"D:/MDEV1003 Game Design/LyubovKorovina_UE_Project/MobGameMmidterm_0172/Content/FirstPerson/Blueprints/BP_Pickup_Rifle.uexp" 245
"D:/MDEV1003 Game Design/LyubovKorovina_UE_Project/MobGameMmidterm_0172/Content/LevelPrototyping/Textures/T_GridChecker_A.ubulk" 246
"D:/MDEV1003 Game Design/LyubovKorovina_UE_Project/MobGameMmidterm_0172/Content/LevelPrototyping/Textures/T_GridChecker_A.uasset" 247
"D:/MDEV1003 Game Design/LyubovKorovina_UE_Project/MobGameMmidterm_0172/Content/LevelPrototyping/Textures/T_GridChecker_A.uexp" 248
"../../../Engine/Content/Functions/Engine_MaterialFunctions02/Utility/MakeFloat3.uasset" 249
"../../../Engine/Content/Functions/Engine_MaterialFunctions02/Utility/MakeFloat3.uexp" 250
"../../../Engine/Content/Functions/Engine_MaterialFunctions01/Gradient/LinearGradient.uasset" 251
"../../../Engine/Content/Functions/Engine_MaterialFunctions01/Gradient/LinearGradient.uexp" 252
"../../../Engine/Content/Functions/Engine_MaterialFunctions01/ImageAdjustment/CheapContrast.uasset" 253
"../../../Engine/Content/Functions/Engine_MaterialFunctions01/ImageAdjustment/CheapContrast.uexp" 254
"../../../Engine/Content/Functions/Engine_MaterialFunctions02/Utility/BreakOutFloat3Components.uasset" 255
"../../../Engine/Content/Functions/Engine_MaterialFunctions02/Utility/BreakOutFloat3Components.uexp" 256
"D:/MDEV1003 Game Design/LyubovKorovina_UE_Project/MobGameMmidterm_0172/Content/LevelPrototyping/Materials/MF_ProcGrid.uasset" 257
"D:/MDEV1003 Game Design/LyubovKorovina_UE_Project/MobGameMmidterm_0172/Content/LevelPrototyping/Materials/MF_ProcGrid.uexp" 258
"D:/MDEV1003 Game Design/LyubovKorovina_UE_Project/MobGameMmidterm_0172/Content/LevelPrototyping/Materials/M_PrototypeGrid.uasset" 259
"D:/MDEV1003 Game Design/LyubovKorovina_UE_Project/MobGameMmidterm_0172/Content/LevelPrototyping/Materials/M_PrototypeGrid.uexp" 260
"D:/MDEV1003 Game Design/LyubovKorovina_UE_Project/MobGameMmidterm_0172/Content/LevelPrototyping/Materials/MI_PrototypeGrid_TopDark.uasset" 261
"D:/MDEV1003 Game Design/LyubovKorovina_UE_Project/MobGameMmidterm_0172/Content/LevelPrototyping/Materials/MI_PrototypeGrid_TopDark.uexp" 262
"D:/MDEV1003 Game Design/LyubovKorovina_UE_Project/MobGameMmidterm_0172/Content/LevelPrototyping/Materials/MI_PrototypeGrid_Gray.uasset" 263
"D:/MDEV1003 Game Design/LyubovKorovina_UE_Project/MobGameMmidterm_0172/Content/LevelPrototyping/Materials/MI_PrototypeGrid_Gray.uexp" 264
"D:/MDEV1003 Game Design/LyubovKorovina_UE_Project/MobGameMmidterm_0172/Content/LevelPrototyping/Meshes/SM_Ramp.uasset" 265
"D:/MDEV1003 Game Design/LyubovKorovina_UE_Project/MobGameMmidterm_0172/Content/LevelPrototyping/Meshes/SM_Ramp.uexp" 266
"D:/MDEV1003 Game Design/LyubovKorovina_UE_Project/MobGameMmidterm_0172/Content/LevelPrototyping/Meshes/SM_QuarterCylinder.uasset" 267
"D:/MDEV1003 Game Design/LyubovKorovina_UE_Project/MobGameMmidterm_0172/Content/LevelPrototyping/Meshes/SM_QuarterCylinder.uexp" 268
"D:/MDEV1003 Game Design/LyubovKorovina_UE_Project/MobGameMmidterm_0172/Content/LevelPrototyping/Meshes/SM_Cube.uasset" 269
"D:/MDEV1003 Game Design/LyubovKorovina_UE_Project/MobGameMmidterm_0172/Content/LevelPrototyping/Meshes/SM_Cube.uexp" 270
"D:/MDEV1003 Game Design/LyubovKorovina_UE_Project/MobGameMmidterm_0172/Content/LevelPrototyping/Materials/M_Solid.uasset" 271
"D:/MDEV1003 Game Design/LyubovKorovina_UE_Project/MobGameMmidterm_0172/Content/LevelPrototyping/Materials/M_Solid.uexp" 272
"D:/MDEV1003 Game Design/LyubovKorovina_UE_Project/MobGameMmidterm_0172/Content/LevelPrototyping/Materials/MI_Solid_Blue.uasset" 273
"D:/MDEV1003 Game Design/LyubovKorovina_UE_Project/MobGameMmidterm_0172/Content/LevelPrototyping/Materials/MI_Solid_Blue.uexp" 274
"D:/MDEV1003 Game Design/LyubovKorovina_UE_Project/MobGameMmidterm_0172/Content/LevelPrototyping/Meshes/SM_ChamferCube.uasset" 275
"D:/MDEV1003 Game Design/LyubovKorovina_UE_Project/MobGameMmidterm_0172/Content/LevelPrototyping/Meshes/SM_ChamferCube.uexp" 276
"../../../Engine/Plugins/Interchange/Runtime/Content/Pipelines/DefaultMaterialPipeline.uasset" 277
"../../../Engine/Plugins/Interchange/Runtime/Content/Pipelines/DefaultMaterialPipeline.uexp" 278
"../../../Engine/Content/EngineMaterials/DefaultMaterial.uasset" 279
"../../../Engine/Content/EngineMaterials/DefaultMaterial.uexp" 280
"../../../Engine/Content/BasicShapes/Sphere.uasset" 281
"../../../Engine/Content/BasicShapes/Sphere.uexp" 282
"../../../Engine/Content/BasicShapes/Plane.uasset" 283
"../../../Engine/Content/BasicShapes/Plane.uexp" 284
"../../../Engine/Content/BasicShapes/Cylinder.uasset" 285
"../../../Engine/Content/BasicShapes/Cylinder.uexp" 286
"../../../Engine/Content/BasicShapes/Cube.uasset" 287
"../../../Engine/Content/BasicShapes/Cube.uexp" 288
"../../../Engine/Content/BasicShapes/Cone.uasset" 289
"../../../Engine/Content/BasicShapes/Cone.uexp" 290
"../../../Engine/Content/BasicShapes/BasicShapeMaterial.uasset" 291
"../../../Engine/Content/BasicShapes/BasicShapeMaterial.uexp" 292
"../../../Engine/Content/EditorLandscapeResources/DefaultAlphaTexture.uasset" 293
"../../../Engine/Content/EditorLandscapeResources/DefaultAlphaTexture.uexp" 294
"../../../Engine/Content/EditorLandscapeResources/DataLayer.uasset" 295
"../../../Engine/Content/EditorLandscapeResources/DataLayer.uexp" 296
"../../../Engine/Content/EditorMaterials/PreviewShadowIndicator.ubulk" 297
"../../../Engine/Content/EditorMaterials/PreviewShadowIndicator.uasset" 298
"../../../Engine/Content/EditorMaterials/PreviewShadowIndicator.uexp" 299
"../../../Engine/Content/EditorMaterials/PreviewShadowIndicatorMaterial.uasset" 300
"../../../Engine/Content/EditorMaterials/PreviewShadowIndicatorMaterial.uexp" 301
"../../../Engine/Content/EditorMaterials/PhAT_UnselectedMaterial.uasset" 302
"../../../Engine/Content/EditorMaterials/PhAT_UnselectedMaterial.uexp" 303
"../../../Engine/Content/EditorMaterials/PhAT_NoCollisionMaterial.uasset" 304
"../../../Engine/Content/EditorMaterials/PhAT_NoCollisionMaterial.uexp" 305
"../../../Engine/Content/Functions/Engine_MaterialFunctions02/Utility/MakeFloat4.uasset" 306
"../../../Engine/Content/Functions/Engine_MaterialFunctions02/Utility/MakeFloat4.uexp" 307
"../../../Engine/Content/EditorMaterials/WorldPartition/WorldPartitionSpatialHashGridPreviewMaterial.uasset" 308
"../../../Engine/Content/EditorMaterials/WorldPartition/WorldPartitionSpatialHashGridPreviewMaterial.uexp" 309
"../../../Engine/Content/EditorResources/S_Terrain.ubulk" 310
"../../../Engine/Content/EditorResources/S_Terrain.uasset" 311
"../../../Engine/Content/EditorResources/S_Terrain.uexp" 312
"../../../Engine/Content/EditorResources/EmptyActor.uasset" 313
"../../../Engine/Content/EditorResources/EmptyActor.uexp" 314
"../../../Engine/Content/EditorResources/BSPVertex.uasset" 315
"../../../Engine/Content/EditorResources/BSPVertex.uexp" 316
"../../../Engine/Content/EditorResources/SequenceRecorder/RecordingIndicator.uasset" 317
"../../../Engine/Content/EditorResources/SequenceRecorder/RecordingIndicator.uexp" 318
"../../../Engine/Content/EditorResources/SequenceRecorder/Countdown.uasset" 319
"../../../Engine/Content/EditorResources/SequenceRecorder/Countdown.uexp" 320
"../../../Engine/Content/EngineDamageTypes/DmgTypeBP_Environmental.uasset" 321
"../../../Engine/Content/EngineDamageTypes/DmgTypeBP_Environmental.uexp" 322
"../../../Engine/Plugins/Interchange/Runtime/Content/Pipelines/DefaultAssetsPipeline.uasset" 323
"../../../Engine/Plugins/Interchange/Runtime/Content/Pipelines/DefaultAssetsPipeline.uexp" 324
"../../../Engine/Content/Functions/Engine_MaterialFunctions02/Utility/CameraDirectionVector.uasset" 325
"../../../Engine/Content/Functions/Engine_MaterialFunctions02/Utility/CameraDirectionVector.uexp" 326
"../../../Engine/Content/EngineDebugMaterials/VolumeToRender.uasset" 327
"../../../Engine/Content/EngineDebugMaterials/VolumeToRender.uexp" 328
"../../../Engine/Content/EngineDebugMaterials/M_VolumeRenderSphereTracePP.uasset" 329
"../../../Engine/Content/EngineDebugMaterials/M_VolumeRenderSphereTracePP.uexp" 330
"../../../Engine/Content/EngineDebugMaterials/M_SimpleUnlitTranslucent.uasset" 331
"../../../Engine/Content/EngineDebugMaterials/M_SimpleUnlitTranslucent.uexp" 332
"../../../Engine/Content/EngineDebugMaterials/DebugMeshMaterial.uasset" 333
"../../../Engine/Content/EngineDebugMaterials/DebugMeshMaterial.uexp" 334
"../../../Engine/Content/EngineDebugMaterials/DebugEditorMaterial.uasset" 335
"../../../Engine/Content/EngineDebugMaterials/DebugEditorMaterial.uexp" 336
"../../../Engine/Content/EngineFonts/Faces/RobotoLight.uexp" 337
"../../../Engine/Content/EngineFonts/Faces/RobotoLight.uasset" 338
"../../../Engine/Content/EngineFonts/Faces/RobotoLight.ufont" 339
"../../../Engine/Content/EngineFonts/Faces/RobotoBold.uexp" 340
"../../../Engine/Content/EngineFonts/Faces/RobotoBold.uasset" 341
"../../../Engine/Content/EngineFonts/Faces/RobotoBold.ufont" 342
"../../../Engine/Content/EngineFonts/Faces/RobotoRegular.uexp" 343
"../../../Engine/Content/EngineFonts/Faces/RobotoRegular.uasset" 344
"../../../Engine/Content/EngineFonts/Faces/RobotoRegular.ufont" 345
"../../../Engine/Content/EngineFonts/Faces/DroidSansFallback.uexp" 346
"../../../Engine/Content/EngineFonts/Faces/DroidSansFallback.uasset" 347
"../../../Engine/Content/EngineFonts/Faces/DroidSansFallback.ufont" 348
"../../../Engine/Content/EngineFonts/Faces/RobotoItalic.uexp" 349
"../../../Engine/Content/EngineFonts/Faces/RobotoItalic.uasset" 350
"../../../Engine/Content/EngineFonts/Faces/RobotoItalic.ufont" 351
"../../../Engine/Content/EngineFonts/Faces/RobotoBoldItalic.uexp" 352
"../../../Engine/Content/EngineFonts/Faces/RobotoBoldItalic.uasset" 353
"../../../Engine/Content/EngineFonts/Faces/RobotoBoldItalic.ufont" 354
"../../../Engine/Content/EngineFonts/Roboto.uasset" 355
"../../../Engine/Content/EngineFonts/Roboto.uexp" 356
"../../../Engine/Content/EngineResources/WhiteSquareTexture.uasset" 357
"../../../Engine/Content/EngineResources/WhiteSquareTexture.uexp" 358
"../../../Engine/Content/EngineMaterials/Widget3DPassThrough.uasset" 359
"../../../Engine/Content/EngineMaterials/Widget3DPassThrough.uexp" 360
"../../../Engine/Content/EngineMaterials/Widget3DPassThrough_Translucent.uasset" 361
"../../../Engine/Content/EngineMaterials/Widget3DPassThrough_Translucent.uexp" 362
"../../../Engine/Content/EngineMaterials/Widget3DPassThrough_Translucent_OneSided.uasset" 363
"../../../Engine/Content/EngineMaterials/Widget3DPassThrough_Translucent_OneSided.uexp" 364
"../../../Engine/Content/EngineMaterials/Widget3DPassThrough_Opaque.uasset" 365
"../../../Engine/Content/EngineMaterials/Widget3DPassThrough_Opaque.uexp" 366
"../../../Engine/Content/EngineMaterials/Widget3DPassThrough_Opaque_OneSided.uasset" 367
"../../../Engine/Content/EngineMaterials/Widget3DPassThrough_Opaque_OneSided.uexp" 368
"../../../Engine/Content/EngineMaterials/Widget3DPassThrough_Masked_OneSided.uasset" 369
"../../../Engine/Content/EngineMaterials/Widget3DPassThrough_Masked_OneSided.uexp" 370
"../../../Engine/Content/EngineMaterials/Widget3DPassThrough_Masked.uasset" 371
"../../../Engine/Content/EngineMaterials/Widget3DPassThrough_Masked.uexp" 372
"../../../Engine/Plugins/Runtime/MeshModelingToolset/Content/Materials/M_DynamicMeshComponentVtxColor.uasset" 373
"../../../Engine/Plugins/Runtime/MeshModelingToolset/Content/Materials/M_DynamicMeshComponentVtxColor.uexp" 374
"../../../Engine/Content/EngineMaterials/STBlueNoise_vec2_128x128x64.uasset" 375
"../../../Engine/Content/EngineMaterials/STBlueNoise_vec2_128x128x64.uexp" 376
"../../../Engine/Content/EngineMaterials/STBlueNoise_scalar_128x128x64.uasset" 377
"../../../Engine/Content/EngineMaterials/STBlueNoise_scalar_128x128x64.uexp" 378
"../../../Engine/Content/EngineMaterials/RemoveSurfaceMaterial.uasset" 379
"../../../Engine/Content/EngineMaterials/RemoveSurfaceMaterial.uexp" 380
"../../../Engine/Plugins/Interchange/Runtime/Content/gltf/Textures/T_Gray_Linear.uasset" 381
"../../../Engine/Plugins/Interchange/Runtime/Content/gltf/Textures/T_Gray_Linear.uexp" 382
"../../../Engine/Content/EngineMaterials/DefaultCalibrationGrayscale.uasset" 383
"../../../Engine/Content/EngineMaterials/DefaultCalibrationGrayscale.uexp" 384
"../../../Engine/Content/EngineMaterials/PPM_DefaultCalibrationGrayscale.uasset" 385
"../../../Engine/Content/EngineMaterials/PPM_DefaultCalibrationGrayscale.uexp" 386
"../../../Engine/Content/EngineMaterials/DefaultCalibrationColor.uasset" 387
"../../../Engine/Content/EngineMaterials/DefaultCalibrationColor.uexp" 388
"../../../Engine/Content/EngineMaterials/PPM_DefaultCalibrationColor.uasset" 389
"../../../Engine/Content/EngineMaterials/PPM_DefaultCalibrationColor.uexp" 390
"../../../Engine/Content/Functions/Engine_MaterialFunctions02/WorldPositionOffset/CameraOffset.uasset" 391
"../../../Engine/Content/Functions/Engine_MaterialFunctions02/WorldPositionOffset/CameraOffset.uexp" 392
"../../../Engine/Content/EngineMaterials/PhAT_JointLimitMaterial.uasset" 393
"../../../Engine/Content/EngineMaterials/PhAT_JointLimitMaterial.uexp" 394
"../../../Engine/Content/EngineMaterials/InvalidLightmapSettings.ubulk" 395
"../../../Engine/Content/EngineMaterials/InvalidLightmapSettings.uasset" 396
"../../../Engine/Content/EngineMaterials/InvalidLightmapSettings.uexp" 397
"../../../Engine/Content/EngineMaterials/M_InvalidLightmapSettings.uasset" 398
"../../../Engine/Content/EngineMaterials/M_InvalidLightmapSettings.uexp" 399
"../../../Engine/Plugins/Interchange/Runtime/Content/gltf/Textures/T_Black_srgb.uasset" 400
"../../../Engine/Plugins/Interchange/Runtime/Content/gltf/Textures/T_Black_srgb.uexp" 401
"../../../Engine/Content/EngineMaterials/GizmoMaterial.uasset" 402
"../../../Engine/Content/EngineMaterials/GizmoMaterial.uexp" 403
"../../../Engine/Content/EngineMaterials/BaseFlattenEmissiveMap_VT.uasset" 404
"../../../Engine/Content/EngineMaterials/BaseFlattenEmissiveMap_VT.uexp" 405
"../../../Engine/Content/EngineMaterials/BaseFlattenGrayscaleMap_VT.uasset" 406
"../../../Engine/Content/EngineMaterials/BaseFlattenGrayscaleMap_VT.uexp" 407
"../../../Engine/Content/EngineMaterials/BaseFlattenLinearColor_VT.uasset" 408
"../../../Engine/Content/EngineMaterials/BaseFlattenLinearColor_VT.uexp" 409
"../../../Engine/Content/EngineMaterials/Black_1x1_EXR_Texture_VT.uasset" 410
"../../../Engine/Content/EngineMaterials/Black_1x1_EXR_Texture_VT.uexp" 411
"../../../Engine/Content/EngineMaterials/BaseFlattenDiffuseMap_VT.uasset" 412
"../../../Engine/Content/EngineMaterials/BaseFlattenDiffuseMap_VT.uexp" 413
"../../../Engine/Content/EngineMaterials/BaseFlattenNormalMap_VT.uasset" 414
"../../../Engine/Content/EngineMaterials/BaseFlattenNormalMap_VT.uexp" 415
"../../../Engine/Content/EngineMaterials/FlattenMaterial_WS_Normal_VT.uasset" 416
"../../../Engine/Content/EngineMaterials/FlattenMaterial_WS_Normal_VT.uexp" 417
"../../../Engine/Content/EngineMaterials/FlattenMaterial_VT.uasset" 418
"../../../Engine/Content/EngineMaterials/FlattenMaterial_VT.uexp" 419
"../../../Engine/Content/EngineMaterials/BaseFlattenNormalMap.uasset" 420
"../../../Engine/Content/EngineMaterials/BaseFlattenNormalMap.uexp" 421
"../../../Engine/Content/EngineMaterials/BaseFlattenGrayscaleMap.uasset" 422
"../../../Engine/Content/EngineMaterials/BaseFlattenGrayscaleMap.uexp" 423
"../../../Engine/Content/EngineMaterials/BaseFlattenDiffuseMap.uasset" 424
"../../../Engine/Content/EngineMaterials/BaseFlattenDiffuseMap.uexp" 425
"../../../Engine/Content/Functions/Engine_MaterialFunctions02/PivotPainter2/Black_1x1_EXR_Texture.uasset" 426
"../../../Engine/Content/Functions/Engine_MaterialFunctions02/PivotPainter2/Black_1x1_EXR_Texture.uexp" 427
"../../../Engine/Content/EngineMaterials/BaseFlattenEmissiveMap.uasset" 428
"../../../Engine/Content/EngineMaterials/BaseFlattenEmissiveMap.uexp" 429
"../../../Engine/Content/EngineMaterials/BaseFlattenLinearColor.uasset" 430
"../../../Engine/Content/EngineMaterials/BaseFlattenLinearColor.uexp" 431
"../../../Engine/Content/EngineMaterials/FlattenMaterial.uasset" 432
"../../../Engine/Content/EngineMaterials/FlattenMaterial.uexp" 433
"../../../Engine/Content/EngineMaterials/DefaultWhiteGrid_Low.uasset" 434
"../../../Engine/Content/EngineMaterials/DefaultWhiteGrid_Low.uexp" 435
"../../../Engine/Content/EngineMaterials/EmissiveMeshMaterial.uasset" 436
"../../../Engine/Content/EngineMaterials/EmissiveMeshMaterial.uexp" 437
"../../../Engine/Plugins/Interchange/Runtime/Content/Materials/MapOrLinearColorFunction.uasset" 438
"../../../Engine/Plugins/Interchange/Runtime/Content/Materials/MapOrLinearColorFunction.uexp" 439
"../../../Engine/Content/EngineMaterials/DefaultNormal.ubulk" 440
"../../../Engine/Content/EngineMaterials/DefaultNormal.uasset" 441
"../../../Engine/Content/EngineMaterials/DefaultNormal.uexp" 442
"../../../Engine/Plugins/Interchange/Runtime/Content/Materials/MapOrScalarFunction.uasset" 443
"../../../Engine/Plugins/Interchange/Runtime/Content/Materials/MapOrScalarFunction.uexp" 444
"../../../Engine/Plugins/Interchange/Runtime/Content/Materials/MapOrColorFunction.uasset" 445
"../../../Engine/Plugins/Interchange/Runtime/Content/Materials/MapOrColorFunction.uexp" 446
"../../../Engine/Plugins/Interchange/Runtime/Content/Materials/CommonMaterial.uasset" 447
"../../../Engine/Plugins/Interchange/Runtime/Content/Materials/CommonMaterial.uexp" 448
"../../../Engine/Plugins/Interchange/Runtime/Content/Materials/PBRSurfaceFunction.uasset" 449
"../../../Engine/Plugins/Interchange/Runtime/Content/Materials/PBRSurfaceFunction.uexp" 450
"../../../Engine/Plugins/Interchange/Runtime/Content/Materials/ClearCoatMaterial.uasset" 451
"../../../Engine/Plugins/Interchange/Runtime/Content/Materials/ClearCoatMaterial.uexp" 452
"../../../Engine/Plugins/Interchange/Runtime/Content/gltf/MaterialFunctions/MF_RotateV2.uasset" 453
"../../../Engine/Plugins/Interchange/Runtime/Content/gltf/MaterialFunctions/MF_RotateV2.uexp" 454
"../../../Engine/Plugins/Interchange/Runtime/Content/gltf/MaterialFunctions/MF_TransformUVs.uasset" 455
"../../../Engine/Plugins/Interchange/Runtime/Content/gltf/MaterialFunctions/MF_TransformUVs.uexp" 456
"../../../Engine/Plugins/Interchange/Runtime/Content/gltf/Textures/T_White_srgb.uasset" 457
"../../../Engine/Plugins/Interchange/Runtime/Content/gltf/Textures/T_White_srgb.uexp" 458
"../../../Engine/Plugins/Interchange/Runtime/Content/gltf/MaterialFunctions/MF_BaseColor.uasset" 459
"../../../Engine/Plugins/Interchange/Runtime/Content/gltf/MaterialFunctions/MF_BaseColor.uexp" 460
"../../../Engine/Plugins/Interchange/Runtime/Content/gltf/MaterialFunctions/MF_DiffuseSpecGloss.uasset" 461
"../../../Engine/Plugins/Interchange/Runtime/Content/gltf/MaterialFunctions/MF_DiffuseSpecGloss.uexp" 462
"../../../Engine/Plugins/Interchange/Runtime/Content/gltf/Textures/T_White_Linear.uasset" 463
"../../../Engine/Plugins/Interchange/Runtime/Content/gltf/Textures/T_White_Linear.uexp" 464
"../../../Engine/Plugins/Interchange/Runtime/Content/gltf/MaterialFunctions/MF_MetallicRoughness.uasset" 465
"../../../Engine/Plugins/Interchange/Runtime/Content/gltf/MaterialFunctions/MF_MetallicRoughness.uexp" 466
"../../../Engine/Content/Functions/Engine_MaterialFunctions02/Math/Transform3x3Matrix.uasset" 467
"../../../Engine/Content/Functions/Engine_MaterialFunctions02/Math/Transform3x3Matrix.uexp" 468
"../../../Engine/Plugins/Interchange/Runtime/Content/gltf/MaterialFunctions/MF_RotateNormals_TS.uasset" 469
"../../../Engine/Plugins/Interchange/Runtime/Content/gltf/MaterialFunctions/MF_RotateNormals_TS.uexp" 470
"../../../Engine/Plugins/Interchange/Runtime/Content/gltf/Textures/T_Generic_N.uasset" 471
"../../../Engine/Plugins/Interchange/Runtime/Content/gltf/Textures/T_Generic_N.uexp" 472
"../../../Engine/Plugins/Interchange/Runtime/Content/gltf/MaterialFunctions/MF_Clearcoat.uasset" 473
"../../../Engine/Plugins/Interchange/Runtime/Content/gltf/MaterialFunctions/MF_Clearcoat.uexp" 474
"../../../Engine/Plugins/Interchange/Runtime/Content/gltf/MaterialFunctions/MF_Occlusion.uasset" 475
"../../../Engine/Plugins/Interchange/Runtime/Content/gltf/MaterialFunctions/MF_Occlusion.uexp" 476
"../../../Engine/Plugins/Interchange/Runtime/Content/gltf/MaterialFunctions/MF_Emissive.uasset" 477
"../../../Engine/Plugins/Interchange/Runtime/Content/gltf/MaterialFunctions/MF_Emissive.uexp" 478
"../../../Engine/Plugins/Interchange/Runtime/Content/gltf/MaterialFunctions/MF_Specular.uasset" 479
"../../../Engine/Plugins/Interchange/Runtime/Content/gltf/MaterialFunctions/MF_Specular.uexp" 480
"../../../Engine/Plugins/Interchange/Runtime/Content/gltf/MaterialFunctions/MF_IOR.uasset" 481
"../../../Engine/Plugins/Interchange/Runtime/Content/gltf/MaterialFunctions/MF_IOR.uexp" 482
"../../../Engine/Content/Functions/Engine_MaterialFunctions01/Texturing/FlattenNormal.uasset" 483
"../../../Engine/Content/Functions/Engine_MaterialFunctions01/Texturing/FlattenNormal.uexp" 484
"../../../Engine/Plugins/Interchange/Runtime/Content/gltf/MaterialFunctions/MF_Normals.uasset" 485
"../../../Engine/Plugins/Interchange/Runtime/Content/gltf/MaterialFunctions/MF_Normals.uexp" 486
"../../../Engine/Content/Functions/Engine_MaterialFunctions02/Math/AddComponents.uasset" 487
"../../../Engine/Content/Functions/Engine_MaterialFunctions02/Math/AddComponents.uexp" 488
"../../../Engine/Plugins/Interchange/Runtime/Content/gltf/MaterialFunctions/MF_PerceivedBrightness.uasset" 489
"../../../Engine/Plugins/Interchange/Runtime/Content/gltf/MaterialFunctions/MF_PerceivedBrightness.uexp" 490
"../../../Engine/Plugins/Interchange/Runtime/Content/gltf/MaterialFunctions/MF_SpecGlossToMetalRoughness.uasset" 491
"../../../Engine/Plugins/Interchange/Runtime/Content/gltf/MaterialFunctions/MF_SpecGlossToMetalRoughness.uexp" 492
"../../../Engine/Plugins/Interchange/Runtime/Content/gltf/M_Opaque.uasset" 493
"../../../Engine/Plugins/Interchange/Runtime/Content/gltf/M_Opaque.uexp" 494
"../../../Engine/Plugins/Interchange/Runtime/Content/gltf/MaterialInstances_SG/MI_Opaque.uasset" 495
"../../../Engine/Plugins/Interchange/Runtime/Content/gltf/MaterialInstances_SG/MI_Opaque.uexp" 496
"../../../Engine/Content/EngineFonts/RobotoDistanceField.uasset" 497
"../../../Engine/Content/EngineFonts/RobotoDistanceField.uexp" 498
"../../../Engine/Content/EngineMaterials/DefaultTextMaterialOpaque.uasset" 499
"../../../Engine/Content/EngineMaterials/DefaultTextMaterialOpaque.uexp" 500
"../../../Engine/Content/EngineMaterials/DefaultDiffuse.ubulk" 501
"../../../Engine/Content/EngineMaterials/DefaultDiffuse.uasset" 502
"../../../Engine/Content/EngineMaterials/DefaultDiffuse.uexp" 503
"../../../Engine/Content/Functions/Engine_MaterialFunctions02/Utility/BreakOutFloat2Components.uasset" 504
"../../../Engine/Content/Functions/Engine_MaterialFunctions02/Utility/BreakOutFloat2Components.uexp" 505
"../../../Engine/Content/EngineMaterials/DefaultPostProcessMaterial.uasset" 506
"../../../Engine/Content/EngineMaterials/DefaultPostProcessMaterial.uexp" 507
"../../../Engine/Content/EngineMaterials/DefaultPhysicalMaterial.uasset" 508
"../../../Engine/Content/EngineMaterials/DefaultPhysicalMaterial.uexp" 509
"../../../Engine/Content/EngineMaterials/DefaultLightFunctionMaterial.uasset" 510
"../../../Engine/Content/EngineMaterials/DefaultLightFunctionMaterial.uexp" 511
"../../../Engine/Content/EngineMaterials/DefaultDestructiblePhysicalMaterial.uasset" 512
"../../../Engine/Content/EngineMaterials/DefaultDestructiblePhysicalMaterial.uexp" 513
"../../../Engine/Content/EngineMaterials/DefaultDeferredDecalMaterial.uasset" 514
"../../../Engine/Content/EngineMaterials/DefaultDeferredDecalMaterial.uexp" 515
"../../../Engine/Content/EngineMaterials/DefaultBloomKernel.uasset" 516
"../../../Engine/Content/EngineMaterials/DefaultBloomKernel.uexp" 517
"../../../Engine/Plugins/Interchange/Runtime/Content/Materials/UnlitMaterial.uasset" 518
"../../../Engine/Plugins/Interchange/Runtime/Content/Materials/UnlitMaterial.uexp" 519
"../../../Engine/Plugins/Interchange/Runtime/Content/Materials/ThinTranslucentMaterial.uasset" 520
"../../../Engine/Plugins/Interchange/Runtime/Content/Materials/ThinTranslucentMaterial.uexp" 521
"../../../Engine/Content/EngineMaterials/FlatNormal.uasset" 522
"../../../Engine/Content/EngineMaterials/FlatNormal.uexp" 523
"../../../Engine/Plugins/Interchange/Runtime/Content/Functions/MF_OrenNayerView.uasset" 524
"../../../Engine/Plugins/Interchange/Runtime/Content/Functions/MF_OrenNayerView.uexp" 525
"../../../Engine/Content/EditorLandscapeResources/WhiteSquareTexture.uasset" 526
"../../../Engine/Content/EditorLandscapeResources/WhiteSquareTexture.uexp" 527
"../../../Engine/Plugins/Interchange/Runtime/Content/Functions/MF_SchlickApprox.uasset" 528
"../../../Engine/Plugins/Interchange/Runtime/Content/Functions/MF_SchlickApprox.uexp" 529
"../../../Engine/Plugins/Interchange/Runtime/Content/Utilities/New_LUT.uasset" 530
"../../../Engine/Plugins/Interchange/Runtime/Content/Utilities/New_LUT.uexp" 531
"../../../Engine/Content/Functions/Engine_MaterialFunctions03/Math/RemapValueRange.uasset" 532
"../../../Engine/Content/Functions/Engine_MaterialFunctions03/Math/RemapValueRange.uexp" 533
"../../../Engine/Plugins/Interchange/Runtime/Content/Functions/MF_Iridescence.uasset" 534
"../../../Engine/Plugins/Interchange/Runtime/Content/Functions/MF_Iridescence.uexp" 535
"../../../Engine/Plugins/Interchange/Runtime/Content/Materials/OrenNayerMaterial.uasset" 536
"../../../Engine/Plugins/Interchange/Runtime/Content/Materials/OrenNayerMaterial.uexp" 537
"../../../Engine/Plugins/Interchange/Runtime/Content/Materials/SubsurfaceMaterial.uasset" 538
"../../../Engine/Plugins/Interchange/Runtime/Content/Materials/SubsurfaceMaterial.uexp" 539
"../../../Engine/Plugins/Interchange/Runtime/Content/Materials/SheenMaterial.uasset" 540
"../../../Engine/Plugins/Interchange/Runtime/Content/Materials/SheenMaterial.uexp" 541
"../../../Engine/Content/Functions/Engine_MaterialFunctions01/Shading/ConvertFromDiffSpec.uasset" 542
"../../../Engine/Content/Functions/Engine_MaterialFunctions01/Shading/ConvertFromDiffSpec.uexp" 543
"../../../Engine/Plugins/Interchange/Runtime/Content/Materials/PhongSurfaceMaterial.uasset" 544
"../../../Engine/Plugins/Interchange/Runtime/Content/Materials/PhongSurfaceMaterial.uexp" 545
"../../../Engine/Plugins/Interchange/Runtime/Content/Materials/PBRSurfaceMaterial.uasset" 546
"../../../Engine/Plugins/Interchange/Runtime/Content/Materials/PBRSurfaceMaterial.uexp" 547
"../../../Engine/Plugins/Interchange/Runtime/Content/Materials/LambertSurfaceMaterial.uasset" 548
"../../../Engine/Plugins/Interchange/Runtime/Content/Materials/LambertSurfaceMaterial.uexp" 549
"../../../Engine/Content/EngineResources/FilmGrains/Marcie_Grain_v3_128_M2_000.uasset" 550
"../../../Engine/Content/EngineResources/FilmGrains/Marcie_Grain_v3_128_M2_000.uexp" 551
"../../../Engine/Content/EngineSky/T_Sky_Stars.ubulk" 552
"../../../Engine/Content/EngineSky/T_Sky_Stars.uasset" 553
"../../../Engine/Content/EngineSky/T_Sky_Stars.uexp" 554
"../../../Engine/Content/EngineSky/T_Sky_Clouds_M.ubulk" 555
"../../../Engine/Content/EngineSky/T_Sky_Clouds_M.uasset" 556
"../../../Engine/Content/EngineSky/T_Sky_Clouds_M.uexp" 557
"../../../Engine/Content/EngineSky/T_Sky_Blue.ubulk" 558
"../../../Engine/Content/EngineSky/T_Sky_Blue.uasset" 559
"../../../Engine/Content/EngineSky/T_Sky_Blue.uexp" 560
"../../../Engine/Content/EngineSky/M_Sky_Panning_Clouds2.uasset" 561
"../../../Engine/Content/EngineSky/M_Sky_Panning_Clouds2.uexp" 562
"../../../Engine/Content/EngineSky/SM_SkySphere.uasset" 563
"../../../Engine/Content/EngineSky/SM_SkySphere.uexp" 564
"../../../Engine/Content/EngineSky/M_SimpleSkyDome.uasset" 565
"../../../Engine/Content/EngineSky/M_SimpleSkyDome.uexp" 566
"../../../Engine/Content/EngineSky/VolumetricClouds/CloudWeatherTexture.uasset" 567
"../../../Engine/Content/EngineSky/VolumetricClouds/CloudWeatherTexture.uexp" 568
"../../../Engine/Content/Functions/Engine_MaterialFunctions02/Utility/MakeFloat2.uasset" 569
"../../../Engine/Content/Functions/Engine_MaterialFunctions02/Utility/MakeFloat2.uexp" 570
"../../../Engine/Content/EngineSky/VolumetricClouds/CloudGradientTexture.uasset" 571
"../../../Engine/Content/EngineSky/VolumetricClouds/CloudGradientTexture.uexp" 572
"../../../Engine/Content/EngineSky/VolumetricClouds/T_NoiseShape64.ubulk" 573
"../../../Engine/Content/EngineSky/VolumetricClouds/T_NoiseShape64.uasset" 574
"../../../Engine/Content/EngineSky/VolumetricClouds/T_NoiseShape64.uexp" 575
"../../../Engine/Content/EngineSky/VolumetricClouds/T_VolumeNoiseShape64.uasset" 576
"../../../Engine/Content/EngineSky/VolumetricClouds/T_VolumeNoiseShape64.uexp" 577
"../../../Engine/Content/EngineSky/VolumetricClouds/T_NoiseErosion.ubulk" 578
"../../../Engine/Content/EngineSky/VolumetricClouds/T_NoiseErosion.uasset" 579
"../../../Engine/Content/EngineSky/VolumetricClouds/T_NoiseErosion.uexp" 580
"../../../Engine/Content/EngineSky/VolumetricClouds/T_VolumeNoiseErosion32.uasset" 581
"../../../Engine/Content/EngineSky/VolumetricClouds/T_VolumeNoiseErosion32.uexp" 582
"../../../Engine/Content/EngineSky/VolumetricClouds/m_SimpleVolumetricCloud.uasset" 583
"../../../Engine/Content/EngineSky/VolumetricClouds/m_SimpleVolumetricCloud.uexp" 584
"../../../Engine/Content/EngineSky/VolumetricClouds/m_SimpleVolumetricCloud_Inst.uasset" 585
"../../../Engine/Content/EngineSky/VolumetricClouds/m_SimpleVolumetricCloud_Inst.uexp" 586
"../../../Engine/Content/EngineSounds/Master.uasset" 587
"../../../Engine/Content/EngineSounds/Master.uexp" 588
"../../../Engine/Content/Functions/Engine_MaterialFunctions01/Shading/PowerToRoughness.uasset" 589
"../../../Engine/Content/Functions/Engine_MaterialFunctions01/Shading/PowerToRoughness.uexp" 590
"../../../Engine/Content/Maps/Templates/HLODs/HLODLayer_Merged.uasset" 591
"../../../Engine/Content/Maps/Templates/HLODs/HLODLayer_Merged.uexp" 592
"../../../Engine/Content/MobileResources/HUD/VirtualJoystick_Background.uasset" 593
"../../../Engine/Content/MobileResources/HUD/VirtualJoystick_Background.uexp" 594
"../../../Engine/Content/MobileResources/HUD/VirtualJoystick_Thumb.uasset" 595
"../../../Engine/Content/MobileResources/HUD/VirtualJoystick_Thumb.uexp" 596
"../../../Engine/Content/MobileResources/HUD/DefaultVirtualJoysticks.uasset" 597
"../../../Engine/Content/MobileResources/HUD/DefaultVirtualJoysticks.uexp" 598
"../../../Engine/Plugins/2D/Paper2D/Content/PlaceholderTextures/DummySpriteTexture.ubulk" 599
"../../../Engine/Plugins/2D/Paper2D/Content/PlaceholderTextures/DummySpriteTexture.uasset" 600
"../../../Engine/Plugins/2D/Paper2D/Content/PlaceholderTextures/DummySpriteTexture.uexp" 601
"../../../Engine/Plugins/2D/Paper2D/Content/DefaultSpriteMaterial.uasset" 602
"../../../Engine/Plugins/2D/Paper2D/Content/DefaultSpriteMaterial.uexp" 603
"../../../Engine/Plugins/2D/Paper2D/Content/OpaqueUnlitSpriteMaterial.uasset" 604
"../../../Engine/Plugins/2D/Paper2D/Content/OpaqueUnlitSpriteMaterial.uexp" 605
"../../../Engine/Plugins/2D/Paper2D/Content/MaskedUnlitSpriteMaterial.uasset" 606
"../../../Engine/Plugins/2D/Paper2D/Content/MaskedUnlitSpriteMaterial.uexp" 607
"../../../Engine/Plugins/2D/Paper2D/Content/DummySprite.uasset" 608
"../../../Engine/Plugins/2D/Paper2D/Content/DummySprite.uexp" 609
"../../../Engine/Plugins/2D/Paper2D/Content/DefaultPaperTerrainMaterial.uasset" 610
"../../../Engine/Plugins/2D/Paper2D/Content/DefaultPaperTerrainMaterial.uexp" 611
"../../../Engine/Plugins/Animation/ControlRig/Content/M_Manip.uasset" 612
"../../../Engine/Plugins/Animation/ControlRig/Content/M_Manip.uexp" 613
"../../../Engine/Plugins/Animation/ControlRig/Content/Controls/DefaultGizmoLibraryNormalized.uasset" 614
"../../../Engine/Plugins/Animation/ControlRig/Content/Controls/DefaultGizmoLibraryNormalized.uexp" 615
"../../../Engine/Plugins/Animation/ControlRig/Content/Controls/ControlRig_Wedge_solid.uasset" 616
"../../../Engine/Plugins/Animation/ControlRig/Content/Controls/ControlRig_Wedge_solid.uexp" 617
"../../../Engine/Plugins/Animation/ControlRig/Content/Controls/ControlRig_Wedge_3mm.uasset" 618
"../../../Engine/Plugins/Animation/ControlRig/Content/Controls/ControlRig_Wedge_3mm.uexp" 619
"../../../Engine/Plugins/Animation/ControlRig/Content/Controls/ControlRig_Wedge_1mm.uasset" 620
"../../../Engine/Plugins/Animation/ControlRig/Content/Controls/ControlRig_Wedge_1mm.uexp" 621
"../../../Engine/Plugins/Animation/ControlRig/Content/Controls/ControlRig_Triangle_solid.uasset" 622
"../../../Engine/Plugins/Animation/ControlRig/Content/Controls/ControlRig_Triangle_solid.uexp" 623
"../../../Engine/Plugins/Animation/ControlRig/Content/Controls/ControlRig_Triangle_3mm.uasset" 624
"../../../Engine/Plugins/Animation/ControlRig/Content/Controls/ControlRig_Triangle_3mm.uexp" 625
"../../../Engine/Plugins/Animation/ControlRig/Content/Controls/ControlRig_Triangle_1mm.uasset" 626
"../../../Engine/Plugins/Animation/ControlRig/Content/Controls/ControlRig_Triangle_1mm.uexp" 627
"../../../Engine/Plugins/Animation/ControlRig/Content/Controls/ControlRig_Star4_solid.uasset" 628
"../../../Engine/Plugins/Animation/ControlRig/Content/Controls/ControlRig_Star4_solid.uexp" 629
"../../../Engine/Plugins/Animation/ControlRig/Content/Controls/ControlRig_Star4_3mm.uasset" 630
"../../../Engine/Plugins/Animation/ControlRig/Content/Controls/ControlRig_Star4_3mm.uexp" 631
"../../../Engine/Plugins/Animation/ControlRig/Content/Controls/ControlRig_Star4_1mm.uasset" 632
"../../../Engine/Plugins/Animation/ControlRig/Content/Controls/ControlRig_Star4_1mm.uexp" 633
"../../../Engine/Plugins/Animation/ControlRig/Content/Controls/ControlRig_Square_solid.uasset" 634
"../../../Engine/Plugins/Animation/ControlRig/Content/Controls/ControlRig_Square_solid.uexp" 635
"../../../Engine/Plugins/Animation/ControlRig/Content/Controls/ControlRig_Square_3mm.uasset" 636
"../../../Engine/Plugins/Animation/ControlRig/Content/Controls/ControlRig_Square_3mm.uexp" 637
"../../../Engine/Plugins/Animation/ControlRig/Content/Controls/ControlRig_Square_1mm.uasset" 638
"../../../Engine/Plugins/Animation/ControlRig/Content/Controls/ControlRig_Square_1mm.uexp" 639
"../../../Engine/Plugins/Animation/ControlRig/Content/Controls/ControlRig_Sphere_solid.uasset" 640
"../../../Engine/Plugins/Animation/ControlRig/Content/Controls/ControlRig_Sphere_solid.uexp" 641
"../../../Engine/Plugins/Animation/ControlRig/Content/Controls/ControlRig_Sphere_3mm.uasset" 642
"../../../Engine/Plugins/Animation/ControlRig/Content/Controls/ControlRig_Sphere_3mm.uexp" 643
"../../../Engine/Plugins/Animation/ControlRig/Content/Controls/ControlRig_Sphere_1mm.uasset" 644
"../../../Engine/Plugins/Animation/ControlRig/Content/Controls/ControlRig_Sphere_1mm.uexp" 645
"../../../Engine/Plugins/Animation/ControlRig/Content/Controls/ControlRig_RoundedTriangle_solid.uasset" 646
"../../../Engine/Plugins/Animation/ControlRig/Content/Controls/ControlRig_RoundedTriangle_solid.uexp" 647
"../../../Engine/Plugins/Animation/ControlRig/Content/Controls/ControlRig_RoundedTriangle_3mm.uasset" 648
"../../../Engine/Plugins/Animation/ControlRig/Content/Controls/ControlRig_RoundedTriangle_3mm.uexp" 649
"../../../Engine/Plugins/Animation/ControlRig/Content/Controls/ControlRig_RoundedTriangle_1mm.uasset" 650
"../../../Engine/Plugins/Animation/ControlRig/Content/Controls/ControlRig_RoundedTriangle_1mm.uexp" 651
"../../../Engine/Plugins/Animation/ControlRig/Content/Controls/ControlRig_RoundedSquare_solid.uasset" 652
"../../../Engine/Plugins/Animation/ControlRig/Content/Controls/ControlRig_RoundedSquare_solid.uexp" 653
"../../../Engine/Plugins/Animation/ControlRig/Content/Controls/ControlRig_RoundedSquare_3mm.uasset" 654
"../../../Engine/Plugins/Animation/ControlRig/Content/Controls/ControlRig_RoundedSquare_3mm.uexp" 655
"../../../Engine/Plugins/Animation/ControlRig/Content/Controls/ControlRig_RoundedSquare_1mm.uasset" 656
"../../../Engine/Plugins/Animation/ControlRig/Content/Controls/ControlRig_RoundedSquare_1mm.uexp" 657
"../../../Engine/Plugins/Animation/ControlRig/Content/Controls/ControlRig_QuarterCircle_solid.uasset" 658
"../../../Engine/Plugins/Animation/ControlRig/Content/Controls/ControlRig_QuarterCircle_solid.uexp" 659
"../../../Engine/Plugins/Animation/ControlRig/Content/Controls/ControlRig_QuarterCircle_3mm.uasset" 660
"../../../Engine/Plugins/Animation/ControlRig/Content/Controls/ControlRig_QuarterCircle_3mm.uexp" 661
"../../../Engine/Plugins/Animation/ControlRig/Content/Controls/ControlRig_QuarterCircle_1mm.uasset" 662
"../../../Engine/Plugins/Animation/ControlRig/Content/Controls/ControlRig_QuarterCircle_1mm.uexp" 663
"../../../Engine/Plugins/Animation/ControlRig/Content/Controls/ControlRig_Pyramid_solid.uasset" 664
"../../../Engine/Plugins/Animation/ControlRig/Content/Controls/ControlRig_Pyramid_solid.uexp" 665
"../../../Engine/Plugins/Animation/ControlRig/Content/Controls/ControlRig_Pyramid_3mm.uasset" 666
"../../../Engine/Plugins/Animation/ControlRig/Content/Controls/ControlRig_Pyramid_3mm.uexp" 667
"../../../Engine/Plugins/Animation/ControlRig/Content/Controls/ControlRig_Pyramid_1mm.uasset" 668
"../../../Engine/Plugins/Animation/ControlRig/Content/Controls/ControlRig_Pyramid_1mm.uexp" 669
"../../../Engine/Plugins/Animation/ControlRig/Content/Controls/ControlRig_Octagon_solid.uasset" 670
"../../../Engine/Plugins/Animation/ControlRig/Content/Controls/ControlRig_Octagon_solid.uexp" 671
"../../../Engine/Plugins/Animation/ControlRig/Content/Controls/ControlRig_Octagon_3mm.uasset" 672
"../../../Engine/Plugins/Animation/ControlRig/Content/Controls/ControlRig_Octagon_3mm.uexp" 673
"../../../Engine/Plugins/Animation/ControlRig/Content/Controls/ControlRig_Octagon_1mm.uasset" 674
"../../../Engine/Plugins/Animation/ControlRig/Content/Controls/ControlRig_Octagon_1mm.uexp" 675
"../../../Engine/Plugins/Animation/ControlRig/Content/Controls/ControlRig_Hexagon_solid.uasset" 676
"../../../Engine/Plugins/Animation/ControlRig/Content/Controls/ControlRig_Hexagon_solid.uexp" 677
"../../../Engine/Plugins/Animation/ControlRig/Content/Controls/ControlRig_Hexagon_3mm.uasset" 678
"../../../Engine/Plugins/Animation/ControlRig/Content/Controls/ControlRig_Hexagon_3mm.uexp" 679
"../../../Engine/Plugins/Animation/ControlRig/Content/Controls/ControlRig_Hexagon_1mm.uasset" 680
"../../../Engine/Plugins/Animation/ControlRig/Content/Controls/ControlRig_Hexagon_1mm.uexp" 681
"../../../Engine/Plugins/Animation/ControlRig/Content/Controls/ControlRig_HalfCircle_solid.uasset" 682
"../../../Engine/Plugins/Animation/ControlRig/Content/Controls/ControlRig_HalfCircle_solid.uexp" 683
"../../../Engine/Plugins/Animation/ControlRig/Content/Controls/ControlRig_HalfCircle_3mm.uasset" 684
"../../../Engine/Plugins/Animation/ControlRig/Content/Controls/ControlRig_HalfCircle_3mm.uexp" 685
"../../../Engine/Plugins/Animation/ControlRig/Content/Controls/ControlRig_HalfCircle_1mm.uasset" 686
"../../../Engine/Plugins/Animation/ControlRig/Content/Controls/ControlRig_HalfCircle_1mm.uexp" 687
"../../../Engine/Plugins/Animation/ControlRig/Content/Controls/ControlRig_Diamond_solid.uasset" 688
"../../../Engine/Plugins/Animation/ControlRig/Content/Controls/ControlRig_Diamond_solid.uexp" 689
"../../../Engine/Plugins/Animation/ControlRig/Content/Controls/ControlRig_Diamond_3mm.uasset" 690
"../../../Engine/Plugins/Animation/ControlRig/Content/Controls/ControlRig_Diamond_3mm.uexp" 691
"../../../Engine/Plugins/Animation/ControlRig/Content/Controls/ControlRig_Diamond_1mm.uasset" 692
"../../../Engine/Plugins/Animation/ControlRig/Content/Controls/ControlRig_Diamond_1mm.uexp" 693
"../../../Engine/Plugins/Animation/ControlRig/Content/Controls/ControlRig_Circle_solid.uasset" 694
"../../../Engine/Plugins/Animation/ControlRig/Content/Controls/ControlRig_Circle_solid.uexp" 695
"../../../Engine/Plugins/Animation/ControlRig/Content/Controls/ControlRig_Circle_3mm.uasset" 696
"../../../Engine/Plugins/Animation/ControlRig/Content/Controls/ControlRig_Circle_3mm.uexp" 697
"../../../Engine/Plugins/Animation/ControlRig/Content/Controls/ControlRig_Circle_1mm.uasset" 698
"../../../Engine/Plugins/Animation/ControlRig/Content/Controls/ControlRig_Circle_1mm.uexp" 699
"../../../Engine/Plugins/Animation/ControlRig/Content/Controls/ControlRig_Box_solid.uasset" 700
"../../../Engine/Plugins/Animation/ControlRig/Content/Controls/ControlRig_Box_solid.uexp" 701
"../../../Engine/Plugins/Animation/ControlRig/Content/Controls/ControlRig_Box_3mm.uasset" 702
"../../../Engine/Plugins/Animation/ControlRig/Content/Controls/ControlRig_Box_3mm.uexp" 703
"../../../Engine/Plugins/Animation/ControlRig/Content/Controls/ControlRig_Box_1mm.uasset" 704
"../../../Engine/Plugins/Animation/ControlRig/Content/Controls/ControlRig_Box_1mm.uexp" 705
"../../../Engine/Plugins/Animation/ControlRig/Content/Controls/ControlRig_Arrow_solid.uasset" 706
"../../../Engine/Plugins/Animation/ControlRig/Content/Controls/ControlRig_Arrow_solid.uexp" 707
"../../../Engine/Plugins/Animation/ControlRig/Content/Controls/ControlRig_Arrow_3mm.uasset" 708
"../../../Engine/Plugins/Animation/ControlRig/Content/Controls/ControlRig_Arrow_3mm.uexp" 709
"../../../Engine/Plugins/Animation/ControlRig/Content/Controls/ControlRig_Arrow_1mm.uasset" 710
"../../../Engine/Plugins/Animation/ControlRig/Content/Controls/ControlRig_Arrow_1mm.uexp" 711
"../../../Engine/Plugins/Animation/ControlRig/Content/Controls/ControlRig_Arrow4_solid.uasset" 712
"../../../Engine/Plugins/Animation/ControlRig/Content/Controls/ControlRig_Arrow4_solid.uexp" 713
"../../../Engine/Plugins/Animation/ControlRig/Content/Controls/ControlRig_Arrow4_3mm.uasset" 714
"../../../Engine/Plugins/Animation/ControlRig/Content/Controls/ControlRig_Arrow4_3mm.uexp" 715
"../../../Engine/Plugins/Animation/ControlRig/Content/Controls/ControlRig_Arrow4_1mm.uasset" 716
"../../../Engine/Plugins/Animation/ControlRig/Content/Controls/ControlRig_Arrow4_1mm.uexp" 717
"../../../Engine/Plugins/Animation/ControlRig/Content/Controls/ControlRig_Arrow2_solid.uasset" 718
"../../../Engine/Plugins/Animation/ControlRig/Content/Controls/ControlRig_Arrow2_solid.uexp" 719
"../../../Engine/Plugins/Animation/ControlRig/Content/Controls/ControlRig_Arrow2_3mm.uasset" 720
"../../../Engine/Plugins/Animation/ControlRig/Content/Controls/ControlRig_Arrow2_3mm.uexp" 721
"../../../Engine/Plugins/Animation/ControlRig/Content/Controls/ControlRig_Arrow2_1mm.uasset" 722
"../../../Engine/Plugins/Animation/ControlRig/Content/Controls/ControlRig_Arrow2_1mm.uexp" 723
"../../../Engine/Plugins/Animation/ControlRig/Content/Controls/ControlRigXRayMaterial.uasset" 724
"../../../Engine/Plugins/Animation/ControlRig/Content/Controls/ControlRigXRayMaterial.uexp" 725
"../../../Engine/Plugins/Animation/ControlRig/Content/Controls/ControlRigGizmoMaterial.uasset" 726
"../../../Engine/Plugins/Animation/ControlRig/Content/Controls/ControlRigGizmoMaterial.uexp" 727
"../../../Engine/Plugins/Editor/SpeedTreeImporter/Content/SpeedTree9/game_wind_noise.ubulk" 728
"../../../Engine/Plugins/Editor/SpeedTreeImporter/Content/SpeedTree9/game_wind_noise.uasset" 729
"../../../Engine/Plugins/Editor/SpeedTreeImporter/Content/SpeedTree9/game_wind_noise.uexp" 730
"../../../Engine/Plugins/Editor/SpeedTreeImporter/Content/SpeedTree9/UnpackDirection.uasset" 731
"../../../Engine/Plugins/Editor/SpeedTreeImporter/Content/SpeedTree9/UnpackDirection.uexp" 732
"../../../Engine/Content/Functions/Engine_MaterialFunctions02/ObjectLocalBounds.uasset" 733
"../../../Engine/Content/Functions/Engine_MaterialFunctions02/ObjectLocalBounds.uexp" 734
"../../../Engine/Content/Functions/Engine_MaterialFunctions02/UVs/BoundingBoxBased_0-1_UVW.uasset" 735
"../../../Engine/Content/Functions/Engine_MaterialFunctions02/UVs/BoundingBoxBased_0-1_UVW.uexp" 736
"../../../Engine/Content/Functions/Engine_MaterialFunctions02/Utility/VectorLength.uasset" 737
"../../../Engine/Content/Functions/Engine_MaterialFunctions02/Utility/VectorLength.uexp" 738
"../../../Engine/Plugins/Editor/SpeedTreeImporter/Content/SpeedTree9/UnpackInteger3.uasset" 739
"../../../Engine/Plugins/Editor/SpeedTreeImporter/Content/SpeedTree9/UnpackInteger3.uexp" 740
"../../../Engine/Plugins/Editor/SpeedTreeImporter/Content/SpeedTree9/SpeedTreeCameraFacing.uasset" 741
"../../../Engine/Plugins/Editor/SpeedTreeImporter/Content/SpeedTree9/SpeedTreeCameraFacing.uexp" 742
"../../../Engine/Content/Functions/Engine_MaterialFunctions02/WorldPositionOffset/ObjectScale.uasset" 743
"../../../Engine/Content/Functions/Engine_MaterialFunctions02/WorldPositionOffset/ObjectScale.uexp" 744
"../../../Engine/Content/Functions/Engine_MaterialFunctions02/SafeNormalize.uasset" 745
"../../../Engine/Content/Functions/Engine_MaterialFunctions02/SafeNormalize.uexp" 746
"../../../Engine/Plugins/Editor/SpeedTreeImporter/Content/SpeedTree9/SpeedTreeWindMotion.uasset" 747
"../../../Engine/Plugins/Editor/SpeedTreeImporter/Content/SpeedTree9/SpeedTreeWindMotion.uexp" 748
"../../../Engine/Plugins/Editor/SpeedTreeImporter/Content/SpeedTree9/SpeedTreeBranchMotion.uasset" 749
"../../../Engine/Plugins/Editor/SpeedTreeImporter/Content/SpeedTree9/SpeedTreeBranchMotion.uexp" 750
"../../../Engine/Plugins/Editor/SpeedTreeImporter/Content/SpeedTree9/SpeedTreeWind.uasset" 751
"../../../Engine/Plugins/Editor/SpeedTreeImporter/Content/SpeedTree9/SpeedTreeWind.uexp" 752
"../../../Engine/Plugins/Editor/SpeedTreeImporter/Content/SpeedTree9/EmptyNormal.uasset" 753
"../../../Engine/Plugins/Editor/SpeedTreeImporter/Content/SpeedTree9/EmptyNormal.uexp" 754
"../../../Engine/Plugins/Editor/SpeedTreeImporter/Content/SpeedTree9/Empty.uasset" 755
"../../../Engine/Plugins/Editor/SpeedTreeImporter/Content/SpeedTree9/Empty.uexp" 756
"../../../Engine/Plugins/Editor/SpeedTreeImporter/Content/SpeedTree9/SpeedTreeMaster.uasset" 757
"../../../Engine/Plugins/Editor/SpeedTreeImporter/Content/SpeedTree9/SpeedTreeMaster.uexp" 758
"../../../Engine/Plugins/Editor/SpeedTreeImporter/Content/SpeedTree9/SpeedTreeBillboard.uasset" 759
"../../../Engine/Plugins/Editor/SpeedTreeImporter/Content/SpeedTree9/SpeedTreeBillboard.uexp" 760
"../../../Engine/Plugins/Editor/SpeedTreeImporter/Content/SpeedTree9/SpeedTreeBillboardMaster.uasset" 761
"../../../Engine/Plugins/Editor/SpeedTreeImporter/Content/SpeedTree9/SpeedTreeBillboardMaster.uexp" 762
"../../../Engine/Plugins/Interchange/Runtime/Content/Pipelines/DefaultSceneAssetsPipeline.uasset" 763
"../../../Engine/Plugins/Interchange/Runtime/Content/Pipelines/DefaultSceneAssetsPipeline.uexp" 764
"../../../Engine/Plugins/Interchange/Runtime/Content/Pipelines/DefaultTexturePipeline.uasset" 765
"../../../Engine/Plugins/Interchange/Runtime/Content/Pipelines/DefaultTexturePipeline.uexp" 766
"../../../Engine/Plugins/Interchange/Runtime/Content/Pipelines/DefaultSceneLevelPipeline.uasset" 767
"../../../Engine/Plugins/Interchange/Runtime/Content/Pipelines/DefaultSceneLevelPipeline.uexp" 768
"../../../Engine/Content/Functions/Engine_MaterialFunctions02/Texturing/CustomRotator.uasset" 769
"../../../Engine/Content/Functions/Engine_MaterialFunctions02/Texturing/CustomRotator.uexp" 770
"../../../Engine/Content/Functions/Engine_MaterialFunctions02/Texturing/ScreenAlignedPixelToPixelUVs.uasset" 771
"../../../Engine/Content/Functions/Engine_MaterialFunctions02/Texturing/ScreenAlignedPixelToPixelUVs.uexp" 772
"../../../Engine/Plugins/Interchange/Runtime/Content/Utilities/T_Bayer64_Grayscale_64px.uasset" 773
"../../../Engine/Plugins/Interchange/Runtime/Content/Utilities/T_Bayer64_Grayscale_64px.uexp" 774
"../../../Engine/Plugins/Interchange/Runtime/Content/gltf/MaterialFunctions/MF_Temporal_Blur.uasset" 775
"../../../Engine/Plugins/Interchange/Runtime/Content/gltf/MaterialFunctions/MF_Temporal_Blur.uexp" 776
"../../../Engine/Plugins/Interchange/Runtime/Content/gltf/MaterialFunctions/MF_Fresnel_DS.uasset" 777
"../../../Engine/Plugins/Interchange/Runtime/Content/gltf/MaterialFunctions/MF_Fresnel_DS.uexp" 778
"../../../Engine/Plugins/Interchange/Runtime/Content/Functions/MX_Transmission.uasset" 779
"../../../Engine/Plugins/Interchange/Runtime/Content/Functions/MX_Transmission.uexp" 780
"../../../Engine/Plugins/Interchange/Runtime/Content/Functions/MX_StandardSurface.uasset" 781
"../../../Engine/Plugins/Interchange/Runtime/Content/Functions/MX_StandardSurface.uexp" 782
"../../../Engine/Plugins/Interchange/Runtime/Content/Functions/MX_TransmissionSurface.uasset" 783
"../../../Engine/Plugins/Interchange/Runtime/Content/Functions/MX_TransmissionSurface.uexp" 784
"../../../Engine/Content/Functions/Engine_MaterialFunctions02/WorldPositionOffset/V2/ObjectScale.uasset" 785
"../../../Engine/Content/Functions/Engine_MaterialFunctions02/WorldPositionOffset/V2/ObjectScale.uexp" 786
"../../../Engine/Plugins/Interchange/Runtime/Content/gltf/MaterialFunctions/MF_TransmissionOpacity.uasset" 787
"../../../Engine/Plugins/Interchange/Runtime/Content/gltf/MaterialFunctions/MF_TransmissionOpacity.uexp" 788
"../../../Engine/Plugins/Interchange/Runtime/Content/gltf/MaterialFunctions/MF_Transmission.uasset" 789
"../../../Engine/Plugins/Interchange/Runtime/Content/gltf/MaterialFunctions/MF_Transmission.uexp" 790
"../../../Engine/Plugins/Interchange/Runtime/Content/gltf/M_Transmission.uasset" 791
"../../../Engine/Plugins/Interchange/Runtime/Content/gltf/M_Transmission.uexp" 792
"../../../Engine/Plugins/Interchange/Runtime/Content/gltf/MaterialInstances_MR/MI_Transmission_TS.uasset" 793
"../../../Engine/Plugins/Interchange/Runtime/Content/gltf/MaterialInstances_MR/MI_Transmission_TS.uexp" 794
"../../../Engine/Plugins/Interchange/Runtime/Content/gltf/MaterialInstances_MR/MI_Transmission.uasset" 795
"../../../Engine/Plugins/Interchange/Runtime/Content/gltf/MaterialInstances_MR/MI_Transmission.uexp" 796
"../../../Engine/Plugins/Interchange/Runtime/Content/gltf/M_Translucent.uasset" 797
"../../../Engine/Plugins/Interchange/Runtime/Content/gltf/M_Translucent.uexp" 798
"../../../Engine/Plugins/Interchange/Runtime/Content/gltf/MaterialInstances_MR/MI_Translucent_TS.uasset" 799
"../../../Engine/Plugins/Interchange/Runtime/Content/gltf/MaterialInstances_MR/MI_Translucent_TS.uexp" 800
"../../../Engine/Plugins/Interchange/Runtime/Content/gltf/MaterialInstances_MR/MI_Translucent_ClearCoat_TS.uasset" 801
"../../../Engine/Plugins/Interchange/Runtime/Content/gltf/MaterialInstances_MR/MI_Translucent_ClearCoat_TS.uexp" 802
"../../../Engine/Plugins/Interchange/Runtime/Content/gltf/MaterialInstances_MR/MI_Translucent_ClearCoat.uasset" 803
"../../../Engine/Plugins/Interchange/Runtime/Content/gltf/MaterialInstances_MR/MI_Translucent_ClearCoat.uexp" 804
"../../../Engine/Plugins/Interchange/Runtime/Content/gltf/MaterialInstances_MR/MI_Translucent.uasset" 805
"../../../Engine/Plugins/Interchange/Runtime/Content/gltf/MaterialInstances_MR/MI_Translucent.uexp" 806
"../../../Engine/Plugins/Interchange/Runtime/Content/gltf/M_Unlit.uasset" 807
"../../../Engine/Plugins/Interchange/Runtime/Content/gltf/M_Unlit.uexp" 808
"../../../Engine/Plugins/Interchange/Runtime/Content/gltf/MaterialInstances_MR/MI_Opaque_Unlit_TS.uasset" 809
"../../../Engine/Plugins/Interchange/Runtime/Content/gltf/MaterialInstances_MR/MI_Opaque_Unlit_TS.uexp" 810
"../../../Engine/Plugins/Interchange/Runtime/Content/gltf/MaterialInstances_MR/MI_Opaque_Unlit.uasset" 811
"../../../Engine/Plugins/Interchange/Runtime/Content/gltf/MaterialInstances_MR/MI_Opaque_Unlit.uexp" 812
"../../../Engine/Plugins/Interchange/Runtime/Content/gltf/MaterialInstances_MR/MI_Opaque_TS.uasset" 813
"../../../Engine/Plugins/Interchange/Runtime/Content/gltf/MaterialInstances_MR/MI_Opaque_TS.uexp" 814
"../../../Engine/Plugins/Interchange/Runtime/Content/gltf/MaterialFunctions/MF_Sheen.uasset" 815
"../../../Engine/Plugins/Interchange/Runtime/Content/gltf/MaterialFunctions/MF_Sheen.uexp" 816
"../../../Engine/Content/Functions/Engine_MaterialFunctions01/Shading/FuzzyShading.uasset" 817
"../../../Engine/Content/Functions/Engine_MaterialFunctions01/Shading/FuzzyShading.uexp" 818
"../../../Engine/Plugins/Interchange/Runtime/Content/gltf/M_Sheen.uasset" 819
"../../../Engine/Plugins/Interchange/Runtime/Content/gltf/M_Sheen.uexp" 820
"../../../Engine/Plugins/Interchange/Runtime/Content/gltf/MaterialInstances_MR/MI_Opaque_Sheen_TS.uasset" 821
"../../../Engine/Plugins/Interchange/Runtime/Content/gltf/MaterialInstances_MR/MI_Opaque_Sheen_TS.uexp" 822
"../../../Engine/Plugins/Interchange/Runtime/Content/gltf/MaterialInstances_MR/MI_Opaque_Sheen.uasset" 823
"../../../Engine/Plugins/Interchange/Runtime/Content/gltf/MaterialInstances_MR/MI_Opaque_Sheen.uexp" 824
"../../../Engine/Plugins/Interchange/Runtime/Content/gltf/MaterialInstances_MR/MI_Opaque_ClearCoat_TS.uasset" 825
"../../../Engine/Plugins/Interchange/Runtime/Content/gltf/MaterialInstances_MR/MI_Opaque_ClearCoat_TS.uexp" 826
"../../../Engine/Plugins/Interchange/Runtime/Content/gltf/MaterialInstances_MR/MI_Opaque_ClearCoat.uasset" 827
"../../../Engine/Plugins/Interchange/Runtime/Content/gltf/MaterialInstances_MR/MI_Opaque_ClearCoat.uexp" 828
"../../../Engine/Plugins/Interchange/Runtime/Content/gltf/MaterialInstances_MR/MI_Opaque.uasset" 829
"../../../Engine/Plugins/Interchange/Runtime/Content/gltf/MaterialInstances_MR/MI_Opaque.uexp" 830
"../../../Engine/Plugins/Interchange/Runtime/Content/gltf/MaterialInstances_SG/MI_Transmission_TS.uasset" 831
"../../../Engine/Plugins/Interchange/Runtime/Content/gltf/MaterialInstances_SG/MI_Transmission_TS.uexp" 832
"../../../Engine/Plugins/Interchange/Runtime/Content/gltf/MaterialInstances_SG/MI_Transmission.uasset" 833
"../../../Engine/Plugins/Interchange/Runtime/Content/gltf/MaterialInstances_SG/MI_Transmission.uexp" 834
"../../../Engine/Plugins/Interchange/Runtime/Content/gltf/MaterialInstances_SG/MI_Translucent_TS.uasset" 835
"../../../Engine/Plugins/Interchange/Runtime/Content/gltf/MaterialInstances_SG/MI_Translucent_TS.uexp" 836
"../../../Engine/Plugins/Interchange/Runtime/Content/gltf/MaterialInstances_SG/MI_Translucent_ClearCoat_TS.uasset" 837
"../../../Engine/Plugins/Interchange/Runtime/Content/gltf/MaterialInstances_SG/MI_Translucent_ClearCoat_TS.uexp" 838
"../../../Engine/Plugins/Interchange/Runtime/Content/gltf/MaterialInstances_SG/MI_Translucent_ClearCoat.uasset" 839
"../../../Engine/Plugins/Interchange/Runtime/Content/gltf/MaterialInstances_SG/MI_Translucent_ClearCoat.uexp" 840
"../../../Engine/Plugins/Interchange/Runtime/Content/gltf/MaterialInstances_SG/MI_Translucent.uasset" 841
"../../../Engine/Plugins/Interchange/Runtime/Content/gltf/MaterialInstances_SG/MI_Translucent.uexp" 842
"../../../Engine/Plugins/Interchange/Runtime/Content/gltf/MaterialInstances_SG/MI_Opaque_TS.uasset" 843
"../../../Engine/Plugins/Interchange/Runtime/Content/gltf/MaterialInstances_SG/MI_Opaque_TS.uexp" 844
"../../../Engine/Plugins/Interchange/Runtime/Content/gltf/MaterialInstances_SG/MI_Opaque_Sheen_TS.uasset" 845
"../../../Engine/Plugins/Interchange/Runtime/Content/gltf/MaterialInstances_SG/MI_Opaque_Sheen_TS.uexp" 846
"../../../Engine/Plugins/Interchange/Runtime/Content/gltf/MaterialInstances_SG/MI_Opaque_Sheen.uasset" 847
"../../../Engine/Plugins/Interchange/Runtime/Content/gltf/MaterialInstances_SG/MI_Opaque_Sheen.uexp" 848
"../../../Engine/Plugins/Interchange/Runtime/Content/gltf/MaterialInstances_SG/MI_Opaque_ClearCoat_TS.uasset" 849
"../../../Engine/Plugins/Interchange/Runtime/Content/gltf/MaterialInstances_SG/MI_Opaque_ClearCoat_TS.uexp" 850
"../../../Engine/Plugins/Interchange/Runtime/Content/gltf/MaterialInstances_SG/MI_Opaque_ClearCoat.uasset" 851
"../../../Engine/Plugins/Interchange/Runtime/Content/gltf/MaterialInstances_SG/MI_Opaque_ClearCoat.uexp" 852
"D:/MDEV1003 Game Design/LyubovKorovina_UE_Project/MobGameMmidterm_0172/Content/FirstPerson/Blueprints/BP_FirstPersonGameMode.uasset" 853
"D:/MDEV1003 Game Design/LyubovKorovina_UE_Project/MobGameMmidterm_0172/Content/FirstPerson/Blueprints/BP_FirstPersonGameMode.uexp" 854
"../../../Engine/Content/Maps/Templates/HLODs/HLODLayer_Instanced.uasset" 855
"../../../Engine/Content/Maps/Templates/HLODs/HLODLayer_Instanced.uexp" 856
"D:/MDEV1003 Game Design/LyubovKorovina_UE_Project/MobGameMmidterm_0172/Content/FirstPerson/Maps/FirstPersonMap.uexp" 857
"D:/MDEV1003 Game Design/LyubovKorovina_UE_Project/MobGameMmidterm_0172/Content/FirstPerson/Maps/FirstPersonMap.umap" 858
"../../../Engine/Content/Maps/Entry_BuiltData.uasset" 859
"../../../Engine/Content/Maps/Entry_BuiltData.uexp" 860
"../../../Engine/Content/Maps/Entry.uexp" 861
"../../../Engine/Content/Maps/Entry.umap" 862
